2023-04-21T01:04:45.598+08:00  INFO 18492 --- [main] c.m.t.service.impl.OrderServiceTestCase  : Starting OrderServiceTestCase using Java 20 with PID 18492 (started by MGR in E:\IDEA\ideaproject\ThoseYears0_1)
2023-04-21T01:04:45.599+08:00  INFO 18492 --- [main] c.m.t.service.impl.OrderServiceTestCase  : The following 3 profiles are active: "dev", "devDB", "devother"
2023-04-21T01:04:47.087+08:00  INFO 18492 --- [main] c.m.t.service.impl.OrderServiceTestCase  : Started OrderServiceTestCase in 1.766 seconds (process running for 2.446)
2023-04-21T01:04:47.611+08:00  INFO 18492 --- [main] com.alibaba.druid.pool.DruidDataSource   : {dataSource-1} inited
2023-04-21T01:04:48.016+08:00  INFO 18492 --- [SpringApplicationShutdownHook] com.alibaba.druid.pool.DruidDataSource   : {dataSource-1} closing ...
2023-04-21T01:04:48.019+08:00  INFO 18492 --- [SpringApplicationShutdownHook] com.alibaba.druid.pool.DruidDataSource   : {dataSource-1} closed
2023-04-21T08:23:55.245+08:00  INFO 3448 --- [main] c.m.t.service.impl.OrderServiceTestCase  : Starting OrderServiceTestCase using Java 20 with PID 3448 (started by MGR in E:\IDEA\ideaproject\ThoseYears0_1)
2023-04-21T08:23:55.246+08:00  INFO 3448 --- [main] c.m.t.service.impl.OrderServiceTestCase  : The following 3 profiles are active: "dev", "devDB", "devother"
2023-04-21T08:23:56.849+08:00  INFO 3448 --- [main] c.m.t.service.impl.OrderServiceTestCase  : Started OrderServiceTestCase in 1.9 seconds (process running for 2.721)
2023-04-21T08:23:57.410+08:00  INFO 3448 --- [main] com.alibaba.druid.pool.DruidDataSource   : {dataSource-1} inited
2023-04-21T08:23:57.864+08:00  INFO 3448 --- [SpringApplicationShutdownHook] com.alibaba.druid.pool.DruidDataSource   : {dataSource-1} closing ...
2023-04-21T08:23:57.867+08:00  INFO 3448 --- [SpringApplicationShutdownHook] com.alibaba.druid.pool.DruidDataSource   : {dataSource-1} closed
2023-04-21T08:32:38.502+08:00  INFO 9916 --- [main] c.m.t.service.impl.OrderServiceTestCase  : Starting OrderServiceTestCase using Java 20 with PID 9916 (started by MGR in E:\IDEA\ideaproject\ThoseYears0_1)
2023-04-21T08:32:38.503+08:00  INFO 9916 --- [main] c.m.t.service.impl.OrderServiceTestCase  : The following 3 profiles are active: "dev", "devDB", "devother"
2023-04-21T08:32:39.932+08:00  INFO 9916 --- [main] c.m.t.service.impl.OrderServiceTestCase  : Started OrderServiceTestCase in 1.686 seconds (process running for 2.372)
2023-04-21T08:32:40.383+08:00  INFO 9916 --- [main] com.alibaba.druid.pool.DruidDataSource   : {dataSource-1} inited
2023-04-21T08:32:40.714+08:00  INFO 9916 --- [SpringApplicationShutdownHook] com.alibaba.druid.pool.DruidDataSource   : {dataSource-1} closing ...
2023-04-21T08:32:40.717+08:00  INFO 9916 --- [SpringApplicationShutdownHook] com.alibaba.druid.pool.DruidDataSource   : {dataSource-1} closed
2023-04-21T08:57:19.756+08:00  INFO 332 --- [main] c.m.t.service.impl.OrderServiceTestCase  : Starting OrderServiceTestCase using Java 20 with PID 332 (started by MGR in E:\IDEA\ideaproject\ThoseYears0_1)
2023-04-21T08:57:19.758+08:00  INFO 332 --- [main] c.m.t.service.impl.OrderServiceTestCase  : The following 3 profiles are active: "dev", "devDB", "devother"
2023-04-21T08:57:21.236+08:00  INFO 332 --- [main] c.m.t.service.impl.OrderServiceTestCase  : Started OrderServiceTestCase in 1.749 seconds (process running for 3.089)
2023-04-21T08:57:21.742+08:00  INFO 332 --- [main] com.alibaba.druid.pool.DruidDataSource   : {dataSource-1} inited
2023-04-21T08:57:22.134+08:00  INFO 332 --- [SpringApplicationShutdownHook] com.alibaba.druid.pool.DruidDataSource   : {dataSource-1} closing ...
2023-04-21T08:57:22.138+08:00  INFO 332 --- [SpringApplicationShutdownHook] com.alibaba.druid.pool.DruidDataSource   : {dataSource-1} closed
2023-04-21T09:04:42.373+08:00  INFO 9392 --- [main] c.m.t.service.impl.OrderServiceTestCase  : Starting OrderServiceTestCase using Java 20 with PID 9392 (started by MGR in E:\IDEA\ideaproject\ThoseYears0_1)
2023-04-21T09:04:42.374+08:00  INFO 9392 --- [main] c.m.t.service.impl.OrderServiceTestCase  : The following 3 profiles are active: "dev", "devDB", "devother"
2023-04-21T09:04:43.792+08:00  INFO 9392 --- [main] c.m.t.service.impl.OrderServiceTestCase  : Started OrderServiceTestCase in 1.72 seconds (process running for 2.409)
2023-04-21T09:04:44.247+08:00  INFO 9392 --- [main] com.alibaba.druid.pool.DruidDataSource   : {dataSource-1} inited
2023-04-21T09:04:44.600+08:00  INFO 9392 --- [SpringApplicationShutdownHook] com.alibaba.druid.pool.DruidDataSource   : {dataSource-1} closing ...
2023-04-21T09:04:44.603+08:00  INFO 9392 --- [SpringApplicationShutdownHook] com.alibaba.druid.pool.DruidDataSource   : {dataSource-1} closed
2023-04-21T09:07:55.470+08:00  INFO 8836 --- [main] c.m.thoseyears0_1.ThoseYearsApplication  : Starting ThoseYearsApplication using Java 20 with PID 8836 (E:\IDEA\ideaproject\ThoseYears0_1\target\classes started by MGR in E:\IDEA\ideaproject\ThoseYears0_1)
2023-04-21T09:07:55.472+08:00  INFO 8836 --- [main] c.m.thoseyears0_1.ThoseYearsApplication  : The following 3 profiles are active: "dev", "devDB", "devother"
2023-04-21T09:07:56.099+08:00  INFO 8836 --- [main] o.s.b.w.embedded.tomcat.TomcatWebServer  : Tomcat initialized with port(s): 82 (http)
2023-04-21T09:07:56.104+08:00  INFO 8836 --- [main] o.apache.catalina.core.StandardService   : Starting service [Tomcat]
2023-04-21T09:07:56.104+08:00  INFO 8836 --- [main] o.apache.catalina.core.StandardEngine    : Starting Servlet engine: [Apache Tomcat/10.1.7]
2023-04-21T09:07:56.163+08:00  INFO 8836 --- [main] o.a.c.c.C.[Tomcat].[localhost].[/]       : Initializing Spring embedded WebApplicationContext
2023-04-21T09:07:56.163+08:00  INFO 8836 --- [main] w.s.c.ServletWebServerApplicationContext : Root WebApplicationContext: initialization completed in 659 ms
2023-04-21T09:07:56.737+08:00  INFO 8836 --- [main] o.s.b.w.embedded.tomcat.TomcatWebServer  : Tomcat started on port(s): 82 (http) with context path ''
2023-04-21T09:07:56.743+08:00  INFO 8836 --- [main] c.m.thoseyears0_1.ThoseYearsApplication  : Started ThoseYearsApplication in 1.562 seconds (process running for 1.966)
2023-04-21T09:08:15.181+08:00  INFO 8836 --- [http-nio-82-exec-1] o.a.c.c.C.[Tomcat].[localhost].[/]       : Initializing Spring DispatcherServlet 'dispatcherServlet'
2023-04-21T09:08:15.181+08:00  INFO 8836 --- [http-nio-82-exec-1] o.s.web.servlet.DispatcherServlet        : Initializing Servlet 'dispatcherServlet'
2023-04-21T09:08:15.182+08:00  INFO 8836 --- [http-nio-82-exec-1] o.s.web.servlet.DispatcherServlet        : Completed initialization in 1 ms
2023-04-21T09:08:15.288+08:00  INFO 8836 --- [http-nio-82-exec-1] com.alibaba.druid.pool.DruidDataSource   : {dataSource-1} inited
2023-04-21T09:19:21.960+08:00  INFO 8836 --- [SpringApplicationShutdownHook] com.alibaba.druid.pool.DruidDataSource   : {dataSource-1} closing ...
2023-04-21T09:19:21.963+08:00  INFO 8836 --- [SpringApplicationShutdownHook] com.alibaba.druid.pool.DruidDataSource   : {dataSource-1} closed
2023-04-21T09:19:25.175+08:00  INFO 5728 --- [main] c.m.thoseyears0_1.ThoseYearsApplication  : Starting ThoseYearsApplication using Java 20 with PID 5728 (E:\IDEA\ideaproject\ThoseYears0_1\target\classes started by MGR in E:\IDEA\ideaproject\ThoseYears0_1)
2023-04-21T09:19:25.176+08:00  INFO 5728 --- [main] c.m.thoseyears0_1.ThoseYearsApplication  : The following 3 profiles are active: "dev", "devDB", "devother"
2023-04-21T09:19:25.788+08:00  INFO 5728 --- [main] o.s.b.w.embedded.tomcat.TomcatWebServer  : Tomcat initialized with port(s): 82 (http)
2023-04-21T09:19:25.793+08:00  INFO 5728 --- [main] o.apache.catalina.core.StandardService   : Starting service [Tomcat]
2023-04-21T09:19:25.794+08:00  INFO 5728 --- [main] o.apache.catalina.core.StandardEngine    : Starting Servlet engine: [Apache Tomcat/10.1.7]
2023-04-21T09:19:25.852+08:00  INFO 5728 --- [main] o.a.c.c.C.[Tomcat].[localhost].[/]       : Initializing Spring embedded WebApplicationContext
2023-04-21T09:19:25.853+08:00  INFO 5728 --- [main] w.s.c.ServletWebServerApplicationContext : Root WebApplicationContext: initialization completed in 651 ms
2023-04-21T09:19:26.416+08:00  INFO 5728 --- [main] o.s.b.w.embedded.tomcat.TomcatWebServer  : Tomcat started on port(s): 82 (http) with context path ''
2023-04-21T09:19:26.421+08:00  INFO 5728 --- [main] c.m.thoseyears0_1.ThoseYearsApplication  : Started ThoseYearsApplication in 1.554 seconds (process running for 1.942)
2023-04-21T09:19:31.412+08:00  INFO 5728 --- [http-nio-82-exec-1] o.a.c.c.C.[Tomcat].[localhost].[/]       : Initializing Spring DispatcherServlet 'dispatcherServlet'
2023-04-21T09:19:31.413+08:00  INFO 5728 --- [http-nio-82-exec-1] o.s.web.servlet.DispatcherServlet        : Initializing Servlet 'dispatcherServlet'
2023-04-21T09:19:31.414+08:00  INFO 5728 --- [http-nio-82-exec-1] o.s.web.servlet.DispatcherServlet        : Completed initialization in 1 ms
2023-04-21T09:19:31.523+08:00  INFO 5728 --- [http-nio-82-exec-1] com.alibaba.druid.pool.DruidDataSource   : {dataSource-1} inited
2023-04-21T09:20:29.601+08:00  INFO 5728 --- [SpringApplicationShutdownHook] com.alibaba.druid.pool.DruidDataSource   : {dataSource-1} closing ...
2023-04-21T09:20:29.603+08:00  INFO 5728 --- [SpringApplicationShutdownHook] com.alibaba.druid.pool.DruidDataSource   : {dataSource-1} closed
2023-04-21T09:20:32.761+08:00  INFO 3928 --- [main] c.m.thoseyears0_1.ThoseYearsApplication  : Starting ThoseYearsApplication using Java 20 with PID 3928 (E:\IDEA\ideaproject\ThoseYears0_1\target\classes started by MGR in E:\IDEA\ideaproject\ThoseYears0_1)
2023-04-21T09:20:32.762+08:00  INFO 3928 --- [main] c.m.thoseyears0_1.ThoseYearsApplication  : The following 3 profiles are active: "dev", "devDB", "devother"
2023-04-21T09:20:33.325+08:00  INFO 3928 --- [main] o.s.b.w.embedded.tomcat.TomcatWebServer  : Tomcat initialized with port(s): 82 (http)
2023-04-21T09:20:33.330+08:00  INFO 3928 --- [main] o.apache.catalina.core.StandardService   : Starting service [Tomcat]
2023-04-21T09:20:33.331+08:00  INFO 3928 --- [main] o.apache.catalina.core.StandardEngine    : Starting Servlet engine: [Apache Tomcat/10.1.7]
2023-04-21T09:20:33.378+08:00  INFO 3928 --- [main] o.a.c.c.C.[Tomcat].[localhost].[/]       : Initializing Spring embedded WebApplicationContext
2023-04-21T09:20:33.378+08:00  INFO 3928 --- [main] w.s.c.ServletWebServerApplicationContext : Root WebApplicationContext: initialization completed in 587 ms
2023-04-21T09:20:33.918+08:00  INFO 3928 --- [main] o.s.b.w.embedded.tomcat.TomcatWebServer  : Tomcat started on port(s): 82 (http) with context path ''
2023-04-21T09:20:33.923+08:00  INFO 3928 --- [main] c.m.thoseyears0_1.ThoseYearsApplication  : Started ThoseYearsApplication in 1.445 seconds (process running for 1.85)
2023-04-21T09:20:43.574+08:00  INFO 3928 --- [http-nio-82-exec-1] o.a.c.c.C.[Tomcat].[localhost].[/]       : Initializing Spring DispatcherServlet 'dispatcherServlet'
2023-04-21T09:20:43.574+08:00  INFO 3928 --- [http-nio-82-exec-1] o.s.web.servlet.DispatcherServlet        : Initializing Servlet 'dispatcherServlet'
2023-04-21T09:20:43.574+08:00  INFO 3928 --- [http-nio-82-exec-1] o.s.web.servlet.DispatcherServlet        : Completed initialization in 0 ms
2023-04-21T09:20:43.623+08:00  INFO 3928 --- [http-nio-82-exec-1] com.alibaba.druid.pool.DruidDataSource   : {dataSource-1} inited
2023-04-21T09:53:51.870+08:00  INFO 3928 --- [SpringApplicationShutdownHook] com.alibaba.druid.pool.DruidDataSource   : {dataSource-1} closing ...
2023-04-21T09:53:51.871+08:00  INFO 3928 --- [SpringApplicationShutdownHook] com.alibaba.druid.pool.DruidDataSource   : {dataSource-1} closed
2023-04-21T09:55:17.789+08:00  INFO 20440 --- [main] c.m.thoseyears0_1.ThoseYearsApplication  : Starting ThoseYearsApplication using Java 20 with PID 20440 (E:\IDEA\ideaproject\ThoseYears0_1\target\classes started by MGR in E:\IDEA\ideaproject\ThoseYears0_1)
2023-04-21T09:55:17.791+08:00  INFO 20440 --- [main] c.m.thoseyears0_1.ThoseYearsApplication  : The following 3 profiles are active: "dev", "devDB", "devother"
2023-04-21T09:55:18.354+08:00  INFO 20440 --- [main] o.s.b.w.embedded.tomcat.TomcatWebServer  : Tomcat initialized with port(s): 82 (http)
2023-04-21T09:55:18.359+08:00  INFO 20440 --- [main] o.apache.catalina.core.StandardService   : Starting service [Tomcat]
2023-04-21T09:55:18.360+08:00  INFO 20440 --- [main] o.apache.catalina.core.StandardEngine    : Starting Servlet engine: [Apache Tomcat/10.1.7]
2023-04-21T09:55:18.412+08:00  INFO 20440 --- [main] o.a.c.c.C.[Tomcat].[localhost].[/]       : Initializing Spring embedded WebApplicationContext
2023-04-21T09:55:18.412+08:00  INFO 20440 --- [main] w.s.c.ServletWebServerApplicationContext : Root WebApplicationContext: initialization completed in 594 ms
2023-04-21T09:55:19.015+08:00  INFO 20440 --- [main] o.s.b.w.embedded.tomcat.TomcatWebServer  : Tomcat started on port(s): 82 (http) with context path ''
2023-04-21T09:55:19.021+08:00  INFO 20440 --- [main] c.m.thoseyears0_1.ThoseYearsApplication  : Started ThoseYearsApplication in 1.523 seconds (process running for 1.903)
2023-04-21T10:14:02.832+08:00  INFO 20440 --- [http-nio-82-exec-1] o.a.c.c.C.[Tomcat].[localhost].[/]       : Initializing Spring DispatcherServlet 'dispatcherServlet'
2023-04-21T10:14:02.832+08:00  INFO 20440 --- [http-nio-82-exec-1] o.s.web.servlet.DispatcherServlet        : Initializing Servlet 'dispatcherServlet'
2023-04-21T10:14:02.832+08:00  INFO 20440 --- [http-nio-82-exec-1] o.s.web.servlet.DispatcherServlet        : Completed initialization in 0 ms
2023-04-21T10:14:02.882+08:00  INFO 20440 --- [http-nio-82-exec-1] com.alibaba.druid.pool.DruidDataSource   : {dataSource-1} inited
2023-04-21T10:40:37.288+08:00  INFO 20440 --- [SpringApplicationShutdownHook] com.alibaba.druid.pool.DruidDataSource   : {dataSource-1} closing ...
2023-04-21T10:40:37.291+08:00  INFO 20440 --- [SpringApplicationShutdownHook] com.alibaba.druid.pool.DruidDataSource   : {dataSource-1} closed
2023-04-21T10:40:41.266+08:00  INFO 8804 --- [main] c.m.thoseyears0_1.ThoseYearsApplication  : Starting ThoseYearsApplication using Java 20 with PID 8804 (E:\IDEA\ideaproject\ThoseYears0_1\target\classes started by MGR in E:\IDEA\ideaproject\ThoseYears0_1)
2023-04-21T10:40:41.267+08:00  INFO 8804 --- [main] c.m.thoseyears0_1.ThoseYearsApplication  : The following 3 profiles are active: "dev", "devDB", "devother"
2023-04-21T10:40:41.856+08:00  INFO 8804 --- [main] o.s.b.w.embedded.tomcat.TomcatWebServer  : Tomcat initialized with port(s): 82 (http)
2023-04-21T10:40:41.861+08:00  INFO 8804 --- [main] o.apache.catalina.core.StandardService   : Starting service [Tomcat]
2023-04-21T10:40:41.861+08:00  INFO 8804 --- [main] o.apache.catalina.core.StandardEngine    : Starting Servlet engine: [Apache Tomcat/10.1.7]
2023-04-21T10:40:41.905+08:00  INFO 8804 --- [main] o.a.c.c.C.[Tomcat].[localhost].[/]       : Initializing Spring embedded WebApplicationContext
2023-04-21T10:40:41.905+08:00  INFO 8804 --- [main] w.s.c.ServletWebServerApplicationContext : Root WebApplicationContext: initialization completed in 611 ms
2023-04-21T10:40:42.372+08:00  WARN 8804 --- [main] ConfigServletWebServerApplicationContext : Exception encountered during context initialization - cancelling refresh attempt: org.springframework.beans.factory.BeanCreationException: Error creating bean with name 'requestMappingHandlerMapping' defined in class path resource [org/springframework/boot/autoconfigure/web/servlet/WebMvcAutoConfiguration$EnableWebMvcConfiguration.class]: Ambiguous mapping. Cannot map 'orderController' method 
com.mgr.thoseyears0_1.controller.OrderController#getPageBylinkman(int, int, String)
to {GET [/orders/{currentPage}/{pageSize}]}: There is already 'orderController' bean method
com.mgr.thoseyears0_1.controller.OrderController#getPage(int, int, OrderDto) mapped.
2023-04-21T10:40:42.373+08:00  INFO 8804 --- [main] com.alibaba.druid.pool.DruidDataSource   : {dataSource-0} closing ...
2023-04-21T10:40:42.374+08:00  INFO 8804 --- [main] o.apache.catalina.core.StandardService   : Stopping service [Tomcat]
2023-04-21T10:40:42.391+08:00  INFO 8804 --- [main] .s.b.a.l.ConditionEvaluationReportLogger : 

Error starting ApplicationContext. To display the condition evaluation report re-run your application with 'debug' enabled.
2023-04-21T10:40:42.399+08:00 ERROR 8804 --- [main] o.s.boot.SpringApplication               : Application run failed

org.springframework.beans.factory.BeanCreationException: Error creating bean with name 'requestMappingHandlerMapping' defined in class path resource [org/springframework/boot/autoconfigure/web/servlet/WebMvcAutoConfiguration$EnableWebMvcConfiguration.class]: Ambiguous mapping. Cannot map 'orderController' method 
com.mgr.thoseyears0_1.controller.OrderController#getPageBylinkman(int, int, String)
to {GET [/orders/{currentPage}/{pageSize}]}: There is already 'orderController' bean method
com.mgr.thoseyears0_1.controller.OrderController#getPage(int, int, OrderDto) mapped.
	at org.springframework.beans.factory.support.AbstractAutowireCapableBeanFactory.initializeBean(AbstractAutowireCapableBeanFactory.java:1770) ~[spring-beans-6.0.7.jar:6.0.7]
	at org.springframework.beans.factory.support.AbstractAutowireCapableBeanFactory.doCreateBean(AbstractAutowireCapableBeanFactory.java:598) ~[spring-beans-6.0.7.jar:6.0.7]
	at org.springframework.beans.factory.support.AbstractAutowireCapableBeanFactory.createBean(AbstractAutowireCapableBeanFactory.java:520) ~[spring-beans-6.0.7.jar:6.0.7]
	at org.springframework.beans.factory.support.AbstractBeanFactory.lambda$doGetBean$0(AbstractBeanFactory.java:326) ~[spring-beans-6.0.7.jar:6.0.7]
	at org.springframework.beans.factory.support.DefaultSingletonBeanRegistry.getSingleton(DefaultSingletonBeanRegistry.java:234) ~[spring-beans-6.0.7.jar:6.0.7]
	at org.springframework.beans.factory.support.AbstractBeanFactory.doGetBean(AbstractBeanFactory.java:324) ~[spring-beans-6.0.7.jar:6.0.7]
	at org.springframework.beans.factory.support.AbstractBeanFactory.getBean(AbstractBeanFactory.java:200) ~[spring-beans-6.0.7.jar:6.0.7]
	at org.springframework.beans.factory.support.DefaultListableBeanFactory.preInstantiateSingletons(DefaultListableBeanFactory.java:973) ~[spring-beans-6.0.7.jar:6.0.7]
	at org.springframework.context.support.AbstractApplicationContext.finishBeanFactoryInitialization(AbstractApplicationContext.java:917) ~[spring-context-6.0.7.jar:6.0.7]
	at org.springframework.context.support.AbstractApplicationContext.refresh(AbstractApplicationContext.java:584) ~[spring-context-6.0.7.jar:6.0.7]
	at org.springframework.boot.web.servlet.context.ServletWebServerApplicationContext.refresh(ServletWebServerApplicationContext.java:146) ~[spring-boot-3.0.5.jar:3.0.5]
	at org.springframework.boot.SpringApplication.refresh(SpringApplication.java:732) ~[spring-boot-3.0.5.jar:3.0.5]
	at org.springframework.boot.SpringApplication.refreshContext(SpringApplication.java:434) ~[spring-boot-3.0.5.jar:3.0.5]
	at org.springframework.boot.SpringApplication.run(SpringApplication.java:310) ~[spring-boot-3.0.5.jar:3.0.5]
	at org.springframework.boot.SpringApplication.run(SpringApplication.java:1304) ~[spring-boot-3.0.5.jar:3.0.5]
	at org.springframework.boot.SpringApplication.run(SpringApplication.java:1293) ~[spring-boot-3.0.5.jar:3.0.5]
	at com.mgr.thoseyears0_1.ThoseYearsApplication.main(ThoseYearsApplication.java:27) ~[classes/:na]
Caused by: java.lang.IllegalStateException: Ambiguous mapping. Cannot map 'orderController' method 
com.mgr.thoseyears0_1.controller.OrderController#getPageBylinkman(int, int, String)
to {GET [/orders/{currentPage}/{pageSize}]}: There is already 'orderController' bean method
com.mgr.thoseyears0_1.controller.OrderController#getPage(int, int, OrderDto) mapped.
	at org.springframework.web.servlet.handler.AbstractHandlerMethodMapping$MappingRegistry.validateMethodMapping(AbstractHandlerMethodMapping.java:667) ~[spring-webmvc-6.0.7.jar:6.0.7]
	at org.springframework.web.servlet.handler.AbstractHandlerMethodMapping$MappingRegistry.register(AbstractHandlerMethodMapping.java:633) ~[spring-webmvc-6.0.7.jar:6.0.7]
	at org.springframework.web.servlet.handler.AbstractHandlerMethodMapping.registerHandlerMethod(AbstractHandlerMethodMapping.java:331) ~[spring-webmvc-6.0.7.jar:6.0.7]
	at org.springframework.web.servlet.mvc.method.annotation.RequestMappingHandlerMapping.registerHandlerMethod(RequestMappingHandlerMapping.java:438) ~[spring-webmvc-6.0.7.jar:6.0.7]
	at org.springframework.web.servlet.mvc.method.annotation.RequestMappingHandlerMapping.registerHandlerMethod(RequestMappingHandlerMapping.java:76) ~[spring-webmvc-6.0.7.jar:6.0.7]
	at org.springframework.web.servlet.handler.AbstractHandlerMethodMapping.lambda$detectHandlerMethods$2(AbstractHandlerMethodMapping.java:298) ~[spring-webmvc-6.0.7.jar:6.0.7]
	at java.base/java.util.LinkedHashMap.forEach(LinkedHashMap.java:729) ~[na:na]
	at org.springframework.web.servlet.handler.AbstractHandlerMethodMapping.detectHandlerMethods(AbstractHandlerMethodMapping.java:296) ~[spring-webmvc-6.0.7.jar:6.0.7]
	at org.springframework.web.servlet.handler.AbstractHandlerMethodMapping.processCandidateBean(AbstractHandlerMethodMapping.java:265) ~[spring-webmvc-6.0.7.jar:6.0.7]
	at org.springframework.web.servlet.handler.AbstractHandlerMethodMapping.initHandlerMethods(AbstractHandlerMethodMapping.java:224) ~[spring-webmvc-6.0.7.jar:6.0.7]
	at org.springframework.web.servlet.handler.AbstractHandlerMethodMapping.afterPropertiesSet(AbstractHandlerMethodMapping.java:212) ~[spring-webmvc-6.0.7.jar:6.0.7]
	at org.springframework.web.servlet.mvc.method.annotation.RequestMappingHandlerMapping.afterPropertiesSet(RequestMappingHandlerMapping.java:225) ~[spring-webmvc-6.0.7.jar:6.0.7]
	at org.springframework.beans.factory.support.AbstractAutowireCapableBeanFactory.invokeInitMethods(AbstractAutowireCapableBeanFactory.java:1816) ~[spring-beans-6.0.7.jar:6.0.7]
	at org.springframework.beans.factory.support.AbstractAutowireCapableBeanFactory.initializeBean(AbstractAutowireCapableBeanFactory.java:1766) ~[spring-beans-6.0.7.jar:6.0.7]
	... 16 common frames omitted

2023-04-21T10:41:10.172+08:00  INFO 4676 --- [main] c.m.thoseyears0_1.ThoseYearsApplication  : Starting ThoseYearsApplication using Java 20 with PID 4676 (E:\IDEA\ideaproject\ThoseYears0_1\target\classes started by MGR in E:\IDEA\ideaproject\ThoseYears0_1)
2023-04-21T10:41:10.173+08:00  INFO 4676 --- [main] c.m.thoseyears0_1.ThoseYearsApplication  : The following 3 profiles are active: "dev", "devDB", "devother"
2023-04-21T10:41:10.721+08:00  INFO 4676 --- [main] o.s.b.w.embedded.tomcat.TomcatWebServer  : Tomcat initialized with port(s): 82 (http)
2023-04-21T10:41:10.728+08:00  INFO 4676 --- [main] o.apache.catalina.core.StandardService   : Starting service [Tomcat]
2023-04-21T10:41:10.728+08:00  INFO 4676 --- [main] o.apache.catalina.core.StandardEngine    : Starting Servlet engine: [Apache Tomcat/10.1.7]
2023-04-21T10:41:10.785+08:00  INFO 4676 --- [main] o.a.c.c.C.[Tomcat].[localhost].[/]       : Initializing Spring embedded WebApplicationContext
2023-04-21T10:41:10.785+08:00  INFO 4676 --- [main] w.s.c.ServletWebServerApplicationContext : Root WebApplicationContext: initialization completed in 581 ms
2023-04-21T10:41:11.239+08:00  WARN 4676 --- [main] ConfigServletWebServerApplicationContext : Exception encountered during context initialization - cancelling refresh attempt: org.springframework.beans.factory.BeanCreationException: Error creating bean with name 'requestMappingHandlerMapping' defined in class path resource [org/springframework/boot/autoconfigure/web/servlet/WebMvcAutoConfiguration$EnableWebMvcConfiguration.class]: Ambiguous mapping. Cannot map 'orderController' method 
com.mgr.thoseyears0_1.controller.OrderController#getPageBylinkman(int, int, String)
to {GET [/orders/{currentPage}/{pageSize}]}: There is already 'orderController' bean method
com.mgr.thoseyears0_1.controller.OrderController#getPage(int, int, OrderDto) mapped.
2023-04-21T10:41:11.239+08:00  INFO 4676 --- [main] com.alibaba.druid.pool.DruidDataSource   : {dataSource-0} closing ...
2023-04-21T10:41:11.241+08:00  INFO 4676 --- [main] o.apache.catalina.core.StandardService   : Stopping service [Tomcat]
2023-04-21T10:41:11.261+08:00  INFO 4676 --- [main] .s.b.a.l.ConditionEvaluationReportLogger : 

Error starting ApplicationContext. To display the condition evaluation report re-run your application with 'debug' enabled.
2023-04-21T10:41:11.270+08:00 ERROR 4676 --- [main] o.s.boot.SpringApplication               : Application run failed

org.springframework.beans.factory.BeanCreationException: Error creating bean with name 'requestMappingHandlerMapping' defined in class path resource [org/springframework/boot/autoconfigure/web/servlet/WebMvcAutoConfiguration$EnableWebMvcConfiguration.class]: Ambiguous mapping. Cannot map 'orderController' method 
com.mgr.thoseyears0_1.controller.OrderController#getPageBylinkman(int, int, String)
to {GET [/orders/{currentPage}/{pageSize}]}: There is already 'orderController' bean method
com.mgr.thoseyears0_1.controller.OrderController#getPage(int, int, OrderDto) mapped.
	at org.springframework.beans.factory.support.AbstractAutowireCapableBeanFactory.initializeBean(AbstractAutowireCapableBeanFactory.java:1770) ~[spring-beans-6.0.7.jar:6.0.7]
	at org.springframework.beans.factory.support.AbstractAutowireCapableBeanFactory.doCreateBean(AbstractAutowireCapableBeanFactory.java:598) ~[spring-beans-6.0.7.jar:6.0.7]
	at org.springframework.beans.factory.support.AbstractAutowireCapableBeanFactory.createBean(AbstractAutowireCapableBeanFactory.java:520) ~[spring-beans-6.0.7.jar:6.0.7]
	at org.springframework.beans.factory.support.AbstractBeanFactory.lambda$doGetBean$0(AbstractBeanFactory.java:326) ~[spring-beans-6.0.7.jar:6.0.7]
	at org.springframework.beans.factory.support.DefaultSingletonBeanRegistry.getSingleton(DefaultSingletonBeanRegistry.java:234) ~[spring-beans-6.0.7.jar:6.0.7]
	at org.springframework.beans.factory.support.AbstractBeanFactory.doGetBean(AbstractBeanFactory.java:324) ~[spring-beans-6.0.7.jar:6.0.7]
	at org.springframework.beans.factory.support.AbstractBeanFactory.getBean(AbstractBeanFactory.java:200) ~[spring-beans-6.0.7.jar:6.0.7]
	at org.springframework.beans.factory.support.DefaultListableBeanFactory.preInstantiateSingletons(DefaultListableBeanFactory.java:973) ~[spring-beans-6.0.7.jar:6.0.7]
	at org.springframework.context.support.AbstractApplicationContext.finishBeanFactoryInitialization(AbstractApplicationContext.java:917) ~[spring-context-6.0.7.jar:6.0.7]
	at org.springframework.context.support.AbstractApplicationContext.refresh(AbstractApplicationContext.java:584) ~[spring-context-6.0.7.jar:6.0.7]
	at org.springframework.boot.web.servlet.context.ServletWebServerApplicationContext.refresh(ServletWebServerApplicationContext.java:146) ~[spring-boot-3.0.5.jar:3.0.5]
	at org.springframework.boot.SpringApplication.refresh(SpringApplication.java:732) ~[spring-boot-3.0.5.jar:3.0.5]
	at org.springframework.boot.SpringApplication.refreshContext(SpringApplication.java:434) ~[spring-boot-3.0.5.jar:3.0.5]
	at org.springframework.boot.SpringApplication.run(SpringApplication.java:310) ~[spring-boot-3.0.5.jar:3.0.5]
	at org.springframework.boot.SpringApplication.run(SpringApplication.java:1304) ~[spring-boot-3.0.5.jar:3.0.5]
	at org.springframework.boot.SpringApplication.run(SpringApplication.java:1293) ~[spring-boot-3.0.5.jar:3.0.5]
	at com.mgr.thoseyears0_1.ThoseYearsApplication.main(ThoseYearsApplication.java:27) ~[classes/:na]
Caused by: java.lang.IllegalStateException: Ambiguous mapping. Cannot map 'orderController' method 
com.mgr.thoseyears0_1.controller.OrderController#getPageBylinkman(int, int, String)
to {GET [/orders/{currentPage}/{pageSize}]}: There is already 'orderController' bean method
com.mgr.thoseyears0_1.controller.OrderController#getPage(int, int, OrderDto) mapped.
	at org.springframework.web.servlet.handler.AbstractHandlerMethodMapping$MappingRegistry.validateMethodMapping(AbstractHandlerMethodMapping.java:667) ~[spring-webmvc-6.0.7.jar:6.0.7]
	at org.springframework.web.servlet.handler.AbstractHandlerMethodMapping$MappingRegistry.register(AbstractHandlerMethodMapping.java:633) ~[spring-webmvc-6.0.7.jar:6.0.7]
	at org.springframework.web.servlet.handler.AbstractHandlerMethodMapping.registerHandlerMethod(AbstractHandlerMethodMapping.java:331) ~[spring-webmvc-6.0.7.jar:6.0.7]
	at org.springframework.web.servlet.mvc.method.annotation.RequestMappingHandlerMapping.registerHandlerMethod(RequestMappingHandlerMapping.java:438) ~[spring-webmvc-6.0.7.jar:6.0.7]
	at org.springframework.web.servlet.mvc.method.annotation.RequestMappingHandlerMapping.registerHandlerMethod(RequestMappingHandlerMapping.java:76) ~[spring-webmvc-6.0.7.jar:6.0.7]
	at org.springframework.web.servlet.handler.AbstractHandlerMethodMapping.lambda$detectHandlerMethods$2(AbstractHandlerMethodMapping.java:298) ~[spring-webmvc-6.0.7.jar:6.0.7]
	at java.base/java.util.LinkedHashMap.forEach(LinkedHashMap.java:729) ~[na:na]
	at org.springframework.web.servlet.handler.AbstractHandlerMethodMapping.detectHandlerMethods(AbstractHandlerMethodMapping.java:296) ~[spring-webmvc-6.0.7.jar:6.0.7]
	at org.springframework.web.servlet.handler.AbstractHandlerMethodMapping.processCandidateBean(AbstractHandlerMethodMapping.java:265) ~[spring-webmvc-6.0.7.jar:6.0.7]
	at org.springframework.web.servlet.handler.AbstractHandlerMethodMapping.initHandlerMethods(AbstractHandlerMethodMapping.java:224) ~[spring-webmvc-6.0.7.jar:6.0.7]
	at org.springframework.web.servlet.handler.AbstractHandlerMethodMapping.afterPropertiesSet(AbstractHandlerMethodMapping.java:212) ~[spring-webmvc-6.0.7.jar:6.0.7]
	at org.springframework.web.servlet.mvc.method.annotation.RequestMappingHandlerMapping.afterPropertiesSet(RequestMappingHandlerMapping.java:225) ~[spring-webmvc-6.0.7.jar:6.0.7]
	at org.springframework.beans.factory.support.AbstractAutowireCapableBeanFactory.invokeInitMethods(AbstractAutowireCapableBeanFactory.java:1816) ~[spring-beans-6.0.7.jar:6.0.7]
	at org.springframework.beans.factory.support.AbstractAutowireCapableBeanFactory.initializeBean(AbstractAutowireCapableBeanFactory.java:1766) ~[spring-beans-6.0.7.jar:6.0.7]
	... 16 common frames omitted

2023-04-21T10:41:30.147+08:00  INFO 17244 --- [main] c.m.thoseyears0_1.ThoseYearsApplication  : Starting ThoseYearsApplication using Java 20 with PID 17244 (E:\IDEA\ideaproject\ThoseYears0_1\target\classes started by MGR in E:\IDEA\ideaproject\ThoseYears0_1)
2023-04-21T10:41:30.148+08:00  INFO 17244 --- [main] c.m.thoseyears0_1.ThoseYearsApplication  : The following 3 profiles are active: "dev", "devDB", "devother"
2023-04-21T10:41:30.693+08:00  INFO 17244 --- [main] o.s.b.w.embedded.tomcat.TomcatWebServer  : Tomcat initialized with port(s): 82 (http)
2023-04-21T10:41:30.698+08:00  INFO 17244 --- [main] o.apache.catalina.core.StandardService   : Starting service [Tomcat]
2023-04-21T10:41:30.698+08:00  INFO 17244 --- [main] o.apache.catalina.core.StandardEngine    : Starting Servlet engine: [Apache Tomcat/10.1.7]
2023-04-21T10:41:30.752+08:00  INFO 17244 --- [main] o.a.c.c.C.[Tomcat].[localhost].[/]       : Initializing Spring embedded WebApplicationContext
2023-04-21T10:41:30.752+08:00  INFO 17244 --- [main] w.s.c.ServletWebServerApplicationContext : Root WebApplicationContext: initialization completed in 578 ms
2023-04-21T10:41:31.241+08:00  WARN 17244 --- [main] ConfigServletWebServerApplicationContext : Exception encountered during context initialization - cancelling refresh attempt: org.springframework.beans.factory.BeanCreationException: Error creating bean with name 'requestMappingHandlerMapping' defined in class path resource [org/springframework/boot/autoconfigure/web/servlet/WebMvcAutoConfiguration$EnableWebMvcConfiguration.class]: Ambiguous mapping. Cannot map 'orderController' method 
com.mgr.thoseyears0_1.controller.OrderController#getPageBylinkman(int, int, String)
to {GET [/orders/{currentPage}/{pageSize}]}: There is already 'orderController' bean method
com.mgr.thoseyears0_1.controller.OrderController#getPage(int, int, OrderDto) mapped.
2023-04-21T10:41:31.241+08:00  INFO 17244 --- [main] com.alibaba.druid.pool.DruidDataSource   : {dataSource-0} closing ...
2023-04-21T10:41:31.242+08:00  INFO 17244 --- [main] o.apache.catalina.core.StandardService   : Stopping service [Tomcat]
2023-04-21T10:41:31.259+08:00  INFO 17244 --- [main] .s.b.a.l.ConditionEvaluationReportLogger : 

Error starting ApplicationContext. To display the condition evaluation report re-run your application with 'debug' enabled.
2023-04-21T10:41:31.268+08:00 ERROR 17244 --- [main] o.s.boot.SpringApplication               : Application run failed

org.springframework.beans.factory.BeanCreationException: Error creating bean with name 'requestMappingHandlerMapping' defined in class path resource [org/springframework/boot/autoconfigure/web/servlet/WebMvcAutoConfiguration$EnableWebMvcConfiguration.class]: Ambiguous mapping. Cannot map 'orderController' method 
com.mgr.thoseyears0_1.controller.OrderController#getPageBylinkman(int, int, String)
to {GET [/orders/{currentPage}/{pageSize}]}: There is already 'orderController' bean method
com.mgr.thoseyears0_1.controller.OrderController#getPage(int, int, OrderDto) mapped.
	at org.springframework.beans.factory.support.AbstractAutowireCapableBeanFactory.initializeBean(AbstractAutowireCapableBeanFactory.java:1770) ~[spring-beans-6.0.7.jar:6.0.7]
	at org.springframework.beans.factory.support.AbstractAutowireCapableBeanFactory.doCreateBean(AbstractAutowireCapableBeanFactory.java:598) ~[spring-beans-6.0.7.jar:6.0.7]
	at org.springframework.beans.factory.support.AbstractAutowireCapableBeanFactory.createBean(AbstractAutowireCapableBeanFactory.java:520) ~[spring-beans-6.0.7.jar:6.0.7]
	at org.springframework.beans.factory.support.AbstractBeanFactory.lambda$doGetBean$0(AbstractBeanFactory.java:326) ~[spring-beans-6.0.7.jar:6.0.7]
	at org.springframework.beans.factory.support.DefaultSingletonBeanRegistry.getSingleton(DefaultSingletonBeanRegistry.java:234) ~[spring-beans-6.0.7.jar:6.0.7]
	at org.springframework.beans.factory.support.AbstractBeanFactory.doGetBean(AbstractBeanFactory.java:324) ~[spring-beans-6.0.7.jar:6.0.7]
	at org.springframework.beans.factory.support.AbstractBeanFactory.getBean(AbstractBeanFactory.java:200) ~[spring-beans-6.0.7.jar:6.0.7]
	at org.springframework.beans.factory.support.DefaultListableBeanFactory.preInstantiateSingletons(DefaultListableBeanFactory.java:973) ~[spring-beans-6.0.7.jar:6.0.7]
	at org.springframework.context.support.AbstractApplicationContext.finishBeanFactoryInitialization(AbstractApplicationContext.java:917) ~[spring-context-6.0.7.jar:6.0.7]
	at org.springframework.context.support.AbstractApplicationContext.refresh(AbstractApplicationContext.java:584) ~[spring-context-6.0.7.jar:6.0.7]
	at org.springframework.boot.web.servlet.context.ServletWebServerApplicationContext.refresh(ServletWebServerApplicationContext.java:146) ~[spring-boot-3.0.5.jar:3.0.5]
	at org.springframework.boot.SpringApplication.refresh(SpringApplication.java:732) ~[spring-boot-3.0.5.jar:3.0.5]
	at org.springframework.boot.SpringApplication.refreshContext(SpringApplication.java:434) ~[spring-boot-3.0.5.jar:3.0.5]
	at org.springframework.boot.SpringApplication.run(SpringApplication.java:310) ~[spring-boot-3.0.5.jar:3.0.5]
	at org.springframework.boot.SpringApplication.run(SpringApplication.java:1304) ~[spring-boot-3.0.5.jar:3.0.5]
	at org.springframework.boot.SpringApplication.run(SpringApplication.java:1293) ~[spring-boot-3.0.5.jar:3.0.5]
	at com.mgr.thoseyears0_1.ThoseYearsApplication.main(ThoseYearsApplication.java:27) ~[classes/:na]
Caused by: java.lang.IllegalStateException: Ambiguous mapping. Cannot map 'orderController' method 
com.mgr.thoseyears0_1.controller.OrderController#getPageBylinkman(int, int, String)
to {GET [/orders/{currentPage}/{pageSize}]}: There is already 'orderController' bean method
com.mgr.thoseyears0_1.controller.OrderController#getPage(int, int, OrderDto) mapped.
	at org.springframework.web.servlet.handler.AbstractHandlerMethodMapping$MappingRegistry.validateMethodMapping(AbstractHandlerMethodMapping.java:667) ~[spring-webmvc-6.0.7.jar:6.0.7]
	at org.springframework.web.servlet.handler.AbstractHandlerMethodMapping$MappingRegistry.register(AbstractHandlerMethodMapping.java:633) ~[spring-webmvc-6.0.7.jar:6.0.7]
	at org.springframework.web.servlet.handler.AbstractHandlerMethodMapping.registerHandlerMethod(AbstractHandlerMethodMapping.java:331) ~[spring-webmvc-6.0.7.jar:6.0.7]
	at org.springframework.web.servlet.mvc.method.annotation.RequestMappingHandlerMapping.registerHandlerMethod(RequestMappingHandlerMapping.java:438) ~[spring-webmvc-6.0.7.jar:6.0.7]
	at org.springframework.web.servlet.mvc.method.annotation.RequestMappingHandlerMapping.registerHandlerMethod(RequestMappingHandlerMapping.java:76) ~[spring-webmvc-6.0.7.jar:6.0.7]
	at org.springframework.web.servlet.handler.AbstractHandlerMethodMapping.lambda$detectHandlerMethods$2(AbstractHandlerMethodMapping.java:298) ~[spring-webmvc-6.0.7.jar:6.0.7]
	at java.base/java.util.LinkedHashMap.forEach(LinkedHashMap.java:729) ~[na:na]
	at org.springframework.web.servlet.handler.AbstractHandlerMethodMapping.detectHandlerMethods(AbstractHandlerMethodMapping.java:296) ~[spring-webmvc-6.0.7.jar:6.0.7]
	at org.springframework.web.servlet.handler.AbstractHandlerMethodMapping.processCandidateBean(AbstractHandlerMethodMapping.java:265) ~[spring-webmvc-6.0.7.jar:6.0.7]
	at org.springframework.web.servlet.handler.AbstractHandlerMethodMapping.initHandlerMethods(AbstractHandlerMethodMapping.java:224) ~[spring-webmvc-6.0.7.jar:6.0.7]
	at org.springframework.web.servlet.handler.AbstractHandlerMethodMapping.afterPropertiesSet(AbstractHandlerMethodMapping.java:212) ~[spring-webmvc-6.0.7.jar:6.0.7]
	at org.springframework.web.servlet.mvc.method.annotation.RequestMappingHandlerMapping.afterPropertiesSet(RequestMappingHandlerMapping.java:225) ~[spring-webmvc-6.0.7.jar:6.0.7]
	at org.springframework.beans.factory.support.AbstractAutowireCapableBeanFactory.invokeInitMethods(AbstractAutowireCapableBeanFactory.java:1816) ~[spring-beans-6.0.7.jar:6.0.7]
	at org.springframework.beans.factory.support.AbstractAutowireCapableBeanFactory.initializeBean(AbstractAutowireCapableBeanFactory.java:1766) ~[spring-beans-6.0.7.jar:6.0.7]
	... 16 common frames omitted

2023-04-21T10:42:04.909+08:00  INFO 22252 --- [main] c.m.thoseyears0_1.ThoseYearsApplication  : Starting ThoseYearsApplication using Java 20 with PID 22252 (E:\IDEA\ideaproject\ThoseYears0_1\target\classes started by MGR in E:\IDEA\ideaproject\ThoseYears0_1)
2023-04-21T10:42:04.911+08:00  INFO 22252 --- [main] c.m.thoseyears0_1.ThoseYearsApplication  : The following 3 profiles are active: "dev", "devDB", "devother"
2023-04-21T10:42:05.520+08:00  INFO 22252 --- [main] o.s.b.w.embedded.tomcat.TomcatWebServer  : Tomcat initialized with port(s): 82 (http)
2023-04-21T10:42:05.528+08:00  INFO 22252 --- [main] o.apache.catalina.core.StandardService   : Starting service [Tomcat]
2023-04-21T10:42:05.528+08:00  INFO 22252 --- [main] o.apache.catalina.core.StandardEngine    : Starting Servlet engine: [Apache Tomcat/10.1.7]
2023-04-21T10:42:05.589+08:00  INFO 22252 --- [main] o.a.c.c.C.[Tomcat].[localhost].[/]       : Initializing Spring embedded WebApplicationContext
2023-04-21T10:42:05.589+08:00  INFO 22252 --- [main] w.s.c.ServletWebServerApplicationContext : Root WebApplicationContext: initialization completed in 644 ms
2023-04-21T10:42:06.053+08:00  WARN 22252 --- [main] ConfigServletWebServerApplicationContext : Exception encountered during context initialization - cancelling refresh attempt: org.springframework.beans.factory.BeanCreationException: Error creating bean with name 'requestMappingHandlerMapping' defined in class path resource [org/springframework/boot/autoconfigure/web/servlet/WebMvcAutoConfiguration$EnableWebMvcConfiguration.class]: Ambiguous mapping. Cannot map 'orderController' method 
com.mgr.thoseyears0_1.controller.OrderController#getPageBylinkman(int, int, String)
to {GET [/orders/{currentPage}/{pageSize}]}: There is already 'orderController' bean method
com.mgr.thoseyears0_1.controller.OrderController#getPage(int, int, OrderDto) mapped.
2023-04-21T10:42:06.054+08:00  INFO 22252 --- [main] com.alibaba.druid.pool.DruidDataSource   : {dataSource-0} closing ...
2023-04-21T10:42:06.055+08:00  INFO 22252 --- [main] o.apache.catalina.core.StandardService   : Stopping service [Tomcat]
2023-04-21T10:42:06.074+08:00  INFO 22252 --- [main] .s.b.a.l.ConditionEvaluationReportLogger : 

Error starting ApplicationContext. To display the condition evaluation report re-run your application with 'debug' enabled.
2023-04-21T10:42:06.082+08:00 ERROR 22252 --- [main] o.s.boot.SpringApplication               : Application run failed

org.springframework.beans.factory.BeanCreationException: Error creating bean with name 'requestMappingHandlerMapping' defined in class path resource [org/springframework/boot/autoconfigure/web/servlet/WebMvcAutoConfiguration$EnableWebMvcConfiguration.class]: Ambiguous mapping. Cannot map 'orderController' method 
com.mgr.thoseyears0_1.controller.OrderController#getPageBylinkman(int, int, String)
to {GET [/orders/{currentPage}/{pageSize}]}: There is already 'orderController' bean method
com.mgr.thoseyears0_1.controller.OrderController#getPage(int, int, OrderDto) mapped.
	at org.springframework.beans.factory.support.AbstractAutowireCapableBeanFactory.initializeBean(AbstractAutowireCapableBeanFactory.java:1770) ~[spring-beans-6.0.7.jar:6.0.7]
	at org.springframework.beans.factory.support.AbstractAutowireCapableBeanFactory.doCreateBean(AbstractAutowireCapableBeanFactory.java:598) ~[spring-beans-6.0.7.jar:6.0.7]
	at org.springframework.beans.factory.support.AbstractAutowireCapableBeanFactory.createBean(AbstractAutowireCapableBeanFactory.java:520) ~[spring-beans-6.0.7.jar:6.0.7]
	at org.springframework.beans.factory.support.AbstractBeanFactory.lambda$doGetBean$0(AbstractBeanFactory.java:326) ~[spring-beans-6.0.7.jar:6.0.7]
	at org.springframework.beans.factory.support.DefaultSingletonBeanRegistry.getSingleton(DefaultSingletonBeanRegistry.java:234) ~[spring-beans-6.0.7.jar:6.0.7]
	at org.springframework.beans.factory.support.AbstractBeanFactory.doGetBean(AbstractBeanFactory.java:324) ~[spring-beans-6.0.7.jar:6.0.7]
	at org.springframework.beans.factory.support.AbstractBeanFactory.getBean(AbstractBeanFactory.java:200) ~[spring-beans-6.0.7.jar:6.0.7]
	at org.springframework.beans.factory.support.DefaultListableBeanFactory.preInstantiateSingletons(DefaultListableBeanFactory.java:973) ~[spring-beans-6.0.7.jar:6.0.7]
	at org.springframework.context.support.AbstractApplicationContext.finishBeanFactoryInitialization(AbstractApplicationContext.java:917) ~[spring-context-6.0.7.jar:6.0.7]
	at org.springframework.context.support.AbstractApplicationContext.refresh(AbstractApplicationContext.java:584) ~[spring-context-6.0.7.jar:6.0.7]
	at org.springframework.boot.web.servlet.context.ServletWebServerApplicationContext.refresh(ServletWebServerApplicationContext.java:146) ~[spring-boot-3.0.5.jar:3.0.5]
	at org.springframework.boot.SpringApplication.refresh(SpringApplication.java:732) ~[spring-boot-3.0.5.jar:3.0.5]
	at org.springframework.boot.SpringApplication.refreshContext(SpringApplication.java:434) ~[spring-boot-3.0.5.jar:3.0.5]
	at org.springframework.boot.SpringApplication.run(SpringApplication.java:310) ~[spring-boot-3.0.5.jar:3.0.5]
	at org.springframework.boot.SpringApplication.run(SpringApplication.java:1304) ~[spring-boot-3.0.5.jar:3.0.5]
	at org.springframework.boot.SpringApplication.run(SpringApplication.java:1293) ~[spring-boot-3.0.5.jar:3.0.5]
	at com.mgr.thoseyears0_1.ThoseYearsApplication.main(ThoseYearsApplication.java:27) ~[classes/:na]
Caused by: java.lang.IllegalStateException: Ambiguous mapping. Cannot map 'orderController' method 
com.mgr.thoseyears0_1.controller.OrderController#getPageBylinkman(int, int, String)
to {GET [/orders/{currentPage}/{pageSize}]}: There is already 'orderController' bean method
com.mgr.thoseyears0_1.controller.OrderController#getPage(int, int, OrderDto) mapped.
	at org.springframework.web.servlet.handler.AbstractHandlerMethodMapping$MappingRegistry.validateMethodMapping(AbstractHandlerMethodMapping.java:667) ~[spring-webmvc-6.0.7.jar:6.0.7]
	at org.springframework.web.servlet.handler.AbstractHandlerMethodMapping$MappingRegistry.register(AbstractHandlerMethodMapping.java:633) ~[spring-webmvc-6.0.7.jar:6.0.7]
	at org.springframework.web.servlet.handler.AbstractHandlerMethodMapping.registerHandlerMethod(AbstractHandlerMethodMapping.java:331) ~[spring-webmvc-6.0.7.jar:6.0.7]
	at org.springframework.web.servlet.mvc.method.annotation.RequestMappingHandlerMapping.registerHandlerMethod(RequestMappingHandlerMapping.java:438) ~[spring-webmvc-6.0.7.jar:6.0.7]
	at org.springframework.web.servlet.mvc.method.annotation.RequestMappingHandlerMapping.registerHandlerMethod(RequestMappingHandlerMapping.java:76) ~[spring-webmvc-6.0.7.jar:6.0.7]
	at org.springframework.web.servlet.handler.AbstractHandlerMethodMapping.lambda$detectHandlerMethods$2(AbstractHandlerMethodMapping.java:298) ~[spring-webmvc-6.0.7.jar:6.0.7]
	at java.base/java.util.LinkedHashMap.forEach(LinkedHashMap.java:729) ~[na:na]
	at org.springframework.web.servlet.handler.AbstractHandlerMethodMapping.detectHandlerMethods(AbstractHandlerMethodMapping.java:296) ~[spring-webmvc-6.0.7.jar:6.0.7]
	at org.springframework.web.servlet.handler.AbstractHandlerMethodMapping.processCandidateBean(AbstractHandlerMethodMapping.java:265) ~[spring-webmvc-6.0.7.jar:6.0.7]
	at org.springframework.web.servlet.handler.AbstractHandlerMethodMapping.initHandlerMethods(AbstractHandlerMethodMapping.java:224) ~[spring-webmvc-6.0.7.jar:6.0.7]
	at org.springframework.web.servlet.handler.AbstractHandlerMethodMapping.afterPropertiesSet(AbstractHandlerMethodMapping.java:212) ~[spring-webmvc-6.0.7.jar:6.0.7]
	at org.springframework.web.servlet.mvc.method.annotation.RequestMappingHandlerMapping.afterPropertiesSet(RequestMappingHandlerMapping.java:225) ~[spring-webmvc-6.0.7.jar:6.0.7]
	at org.springframework.beans.factory.support.AbstractAutowireCapableBeanFactory.invokeInitMethods(AbstractAutowireCapableBeanFactory.java:1816) ~[spring-beans-6.0.7.jar:6.0.7]
	at org.springframework.beans.factory.support.AbstractAutowireCapableBeanFactory.initializeBean(AbstractAutowireCapableBeanFactory.java:1766) ~[spring-beans-6.0.7.jar:6.0.7]
	... 16 common frames omitted

2023-04-21T10:43:32.694+08:00  INFO 13228 --- [main] c.m.thoseyears0_1.ThoseYearsApplication  : Starting ThoseYearsApplication using Java 20 with PID 13228 (E:\IDEA\ideaproject\ThoseYears0_1\target\classes started by MGR in E:\IDEA\ideaproject\ThoseYears0_1)
2023-04-21T10:43:32.696+08:00  INFO 13228 --- [main] c.m.thoseyears0_1.ThoseYearsApplication  : The following 3 profiles are active: "dev", "devDB", "devother"
2023-04-21T10:43:33.243+08:00  INFO 13228 --- [main] o.s.b.w.embedded.tomcat.TomcatWebServer  : Tomcat initialized with port(s): 82 (http)
2023-04-21T10:43:33.249+08:00  INFO 13228 --- [main] o.apache.catalina.core.StandardService   : Starting service [Tomcat]
2023-04-21T10:43:33.249+08:00  INFO 13228 --- [main] o.apache.catalina.core.StandardEngine    : Starting Servlet engine: [Apache Tomcat/10.1.7]
2023-04-21T10:43:33.305+08:00  INFO 13228 --- [main] o.a.c.c.C.[Tomcat].[localhost].[/]       : Initializing Spring embedded WebApplicationContext
2023-04-21T10:43:33.305+08:00  INFO 13228 --- [main] w.s.c.ServletWebServerApplicationContext : Root WebApplicationContext: initialization completed in 581 ms
2023-04-21T10:43:33.877+08:00  INFO 13228 --- [main] o.s.b.w.embedded.tomcat.TomcatWebServer  : Tomcat started on port(s): 82 (http) with context path ''
2023-04-21T10:43:33.883+08:00  INFO 13228 --- [main] c.m.thoseyears0_1.ThoseYearsApplication  : Started ThoseYearsApplication in 1.469 seconds (process running for 1.84)
2023-04-21T10:43:38.226+08:00  INFO 13228 --- [http-nio-82-exec-4] o.a.c.c.C.[Tomcat].[localhost].[/]       : Initializing Spring DispatcherServlet 'dispatcherServlet'
2023-04-21T10:43:38.226+08:00  INFO 13228 --- [http-nio-82-exec-4] o.s.web.servlet.DispatcherServlet        : Initializing Servlet 'dispatcherServlet'
2023-04-21T10:43:38.227+08:00  INFO 13228 --- [http-nio-82-exec-4] o.s.web.servlet.DispatcherServlet        : Completed initialization in 1 ms
2023-04-21T10:43:38.341+08:00  INFO 13228 --- [http-nio-82-exec-4] com.alibaba.druid.pool.DruidDataSource   : {dataSource-1} inited
2023-04-21T10:54:06.986+08:00  INFO 13228 --- [SpringApplicationShutdownHook] com.alibaba.druid.pool.DruidDataSource   : {dataSource-1} closing ...
2023-04-21T10:54:06.989+08:00  INFO 13228 --- [SpringApplicationShutdownHook] com.alibaba.druid.pool.DruidDataSource   : {dataSource-1} closed
2023-04-21T10:54:10.274+08:00  INFO 10908 --- [main] c.m.thoseyears0_1.ThoseYearsApplication  : Starting ThoseYearsApplication using Java 20 with PID 10908 (E:\IDEA\ideaproject\ThoseYears0_1\target\classes started by MGR in E:\IDEA\ideaproject\ThoseYears0_1)
2023-04-21T10:54:10.276+08:00  INFO 10908 --- [main] c.m.thoseyears0_1.ThoseYearsApplication  : The following 3 profiles are active: "dev", "devDB", "devother"
2023-04-21T10:54:10.836+08:00  INFO 10908 --- [main] o.s.b.w.embedded.tomcat.TomcatWebServer  : Tomcat initialized with port(s): 82 (http)
2023-04-21T10:54:10.840+08:00  INFO 10908 --- [main] o.apache.catalina.core.StandardService   : Starting service [Tomcat]
2023-04-21T10:54:10.840+08:00  INFO 10908 --- [main] o.apache.catalina.core.StandardEngine    : Starting Servlet engine: [Apache Tomcat/10.1.7]
2023-04-21T10:54:10.893+08:00  INFO 10908 --- [main] o.a.c.c.C.[Tomcat].[localhost].[/]       : Initializing Spring embedded WebApplicationContext
2023-04-21T10:54:10.893+08:00  INFO 10908 --- [main] w.s.c.ServletWebServerApplicationContext : Root WebApplicationContext: initialization completed in 590 ms
2023-04-21T10:54:11.418+08:00  INFO 10908 --- [main] o.s.b.w.embedded.tomcat.TomcatWebServer  : Tomcat started on port(s): 82 (http) with context path ''
2023-04-21T10:54:11.423+08:00  INFO 10908 --- [main] c.m.thoseyears0_1.ThoseYearsApplication  : Started ThoseYearsApplication in 1.424 seconds (process running for 1.791)
2023-04-21T10:54:35.681+08:00  INFO 10908 --- [http-nio-82-exec-3] o.a.c.c.C.[Tomcat].[localhost].[/]       : Initializing Spring DispatcherServlet 'dispatcherServlet'
2023-04-21T10:54:35.681+08:00  INFO 10908 --- [http-nio-82-exec-3] o.s.web.servlet.DispatcherServlet        : Initializing Servlet 'dispatcherServlet'
2023-04-21T10:54:35.682+08:00  INFO 10908 --- [http-nio-82-exec-3] o.s.web.servlet.DispatcherServlet        : Completed initialization in 1 ms
2023-04-21T10:54:35.798+08:00  INFO 10908 --- [http-nio-82-exec-3] com.alibaba.druid.pool.DruidDataSource   : {dataSource-1} inited
2023-04-21T11:08:00.034+08:00  INFO 10908 --- [SpringApplicationShutdownHook] com.alibaba.druid.pool.DruidDataSource   : {dataSource-1} closing ...
2023-04-21T11:08:00.036+08:00  INFO 10908 --- [SpringApplicationShutdownHook] com.alibaba.druid.pool.DruidDataSource   : {dataSource-1} closed
2023-04-21T11:08:03.078+08:00  INFO 6200 --- [main] c.m.thoseyears0_1.ThoseYearsApplication  : Starting ThoseYearsApplication using Java 20 with PID 6200 (E:\IDEA\ideaproject\ThoseYears0_1\target\classes started by MGR in E:\IDEA\ideaproject\ThoseYears0_1)
2023-04-21T11:08:03.079+08:00  INFO 6200 --- [main] c.m.thoseyears0_1.ThoseYearsApplication  : The following 3 profiles are active: "dev", "devDB", "devother"
2023-04-21T11:08:03.606+08:00  INFO 6200 --- [main] o.s.b.w.embedded.tomcat.TomcatWebServer  : Tomcat initialized with port(s): 82 (http)
2023-04-21T11:08:03.611+08:00  INFO 6200 --- [main] o.apache.catalina.core.StandardService   : Starting service [Tomcat]
2023-04-21T11:08:03.611+08:00  INFO 6200 --- [main] o.apache.catalina.core.StandardEngine    : Starting Servlet engine: [Apache Tomcat/10.1.7]
2023-04-21T11:08:03.656+08:00  INFO 6200 --- [main] o.a.c.c.C.[Tomcat].[localhost].[/]       : Initializing Spring embedded WebApplicationContext
2023-04-21T11:08:03.657+08:00  INFO 6200 --- [main] w.s.c.ServletWebServerApplicationContext : Root WebApplicationContext: initialization completed in 552 ms
2023-04-21T11:08:04.210+08:00  INFO 6200 --- [main] o.s.b.w.embedded.tomcat.TomcatWebServer  : Tomcat started on port(s): 82 (http) with context path ''
2023-04-21T11:08:04.215+08:00  INFO 6200 --- [main] c.m.thoseyears0_1.ThoseYearsApplication  : Started ThoseYearsApplication in 1.399 seconds (process running for 1.752)
2023-04-21T11:08:10.280+08:00  INFO 6200 --- [http-nio-82-exec-1] o.a.c.c.C.[Tomcat].[localhost].[/]       : Initializing Spring DispatcherServlet 'dispatcherServlet'
2023-04-21T11:08:10.281+08:00  INFO 6200 --- [http-nio-82-exec-1] o.s.web.servlet.DispatcherServlet        : Initializing Servlet 'dispatcherServlet'
2023-04-21T11:08:10.281+08:00  INFO 6200 --- [http-nio-82-exec-1] o.s.web.servlet.DispatcherServlet        : Completed initialization in 0 ms
2023-04-21T11:08:10.386+08:00  INFO 6200 --- [http-nio-82-exec-3] com.alibaba.druid.pool.DruidDataSource   : {dataSource-1} inited
2023-04-21T11:09:58.643+08:00  INFO 6200 --- [SpringApplicationShutdownHook] com.alibaba.druid.pool.DruidDataSource   : {dataSource-1} closing ...
2023-04-21T11:09:58.645+08:00  INFO 6200 --- [SpringApplicationShutdownHook] com.alibaba.druid.pool.DruidDataSource   : {dataSource-1} closed
2023-04-21T11:10:02.218+08:00  INFO 15616 --- [main] c.m.thoseyears0_1.ThoseYearsApplication  : Starting ThoseYearsApplication using Java 20 with PID 15616 (E:\IDEA\ideaproject\ThoseYears0_1\target\classes started by MGR in E:\IDEA\ideaproject\ThoseYears0_1)
2023-04-21T11:10:02.219+08:00  INFO 15616 --- [main] c.m.thoseyears0_1.ThoseYearsApplication  : The following 3 profiles are active: "dev", "devDB", "devother"
2023-04-21T11:10:02.810+08:00  INFO 15616 --- [main] o.s.b.w.embedded.tomcat.TomcatWebServer  : Tomcat initialized with port(s): 82 (http)
2023-04-21T11:10:02.815+08:00  INFO 15616 --- [main] o.apache.catalina.core.StandardService   : Starting service [Tomcat]
2023-04-21T11:10:02.815+08:00  INFO 15616 --- [main] o.apache.catalina.core.StandardEngine    : Starting Servlet engine: [Apache Tomcat/10.1.7]
2023-04-21T11:10:02.864+08:00  INFO 15616 --- [main] o.a.c.c.C.[Tomcat].[localhost].[/]       : Initializing Spring embedded WebApplicationContext
2023-04-21T11:10:02.864+08:00  INFO 15616 --- [main] w.s.c.ServletWebServerApplicationContext : Root WebApplicationContext: initialization completed in 613 ms
2023-04-21T11:10:03.438+08:00  INFO 15616 --- [main] o.s.b.w.embedded.tomcat.TomcatWebServer  : Tomcat started on port(s): 82 (http) with context path ''
2023-04-21T11:10:03.446+08:00  INFO 15616 --- [main] c.m.thoseyears0_1.ThoseYearsApplication  : Started ThoseYearsApplication in 1.513 seconds (process running for 1.888)
2023-04-21T11:10:05.441+08:00  INFO 15616 --- [http-nio-82-exec-1] o.a.c.c.C.[Tomcat].[localhost].[/]       : Initializing Spring DispatcherServlet 'dispatcherServlet'
2023-04-21T11:10:05.441+08:00  INFO 15616 --- [http-nio-82-exec-1] o.s.web.servlet.DispatcherServlet        : Initializing Servlet 'dispatcherServlet'
2023-04-21T11:10:05.442+08:00  INFO 15616 --- [http-nio-82-exec-1] o.s.web.servlet.DispatcherServlet        : Completed initialization in 1 ms
2023-04-21T11:10:05.565+08:00  INFO 15616 --- [http-nio-82-exec-1] com.alibaba.druid.pool.DruidDataSource   : {dataSource-1} inited
2023-04-21T11:12:44.152+08:00  WARN 15616 --- [http-nio-82-exec-1] .w.s.m.s.DefaultHandlerExceptionResolver : Resolved [org.springframework.web.method.annotation.MethodArgumentTypeMismatchException: Failed to convert value of type 'java.lang.String' to required type 'java.lang.Integer'; For input string: ":logistics_id"]
2023-04-21T11:12:58.367+08:00  WARN 15616 --- [http-nio-82-exec-7] .w.s.m.s.DefaultHandlerExceptionResolver : Resolved [org.springframework.web.method.annotation.MethodArgumentTypeMismatchException: Failed to convert value of type 'java.lang.String' to required type 'java.lang.Integer'; For input string: ":logistics_id"]
2023-04-21T11:29:11.043+08:00  WARN 15616 --- [http-nio-82-exec-10] .w.s.m.s.DefaultHandlerExceptionResolver : Resolved [org.springframework.web.method.annotation.MethodArgumentTypeMismatchException: Failed to convert value of type 'java.lang.String' to required type 'java.lang.Integer'; For input string: ":logistics_id"]
2023-04-21T12:07:53.921+08:00  INFO 15616 --- [SpringApplicationShutdownHook] com.alibaba.druid.pool.DruidDataSource   : {dataSource-1} closing ...
2023-04-21T12:07:53.923+08:00  INFO 15616 --- [SpringApplicationShutdownHook] com.alibaba.druid.pool.DruidDataSource   : {dataSource-1} closed
2023-04-21T12:07:57.248+08:00  INFO 16860 --- [main] c.m.thoseyears0_1.ThoseYearsApplication  : Starting ThoseYearsApplication using Java 20 with PID 16860 (E:\IDEA\ideaproject\ThoseYears0_1\target\classes started by MGR in E:\IDEA\ideaproject\ThoseYears0_1)
2023-04-21T12:07:57.249+08:00  INFO 16860 --- [main] c.m.thoseyears0_1.ThoseYearsApplication  : The following 3 profiles are active: "dev", "devDB", "devother"
2023-04-21T12:07:57.788+08:00  INFO 16860 --- [main] o.s.b.w.embedded.tomcat.TomcatWebServer  : Tomcat initialized with port(s): 82 (http)
2023-04-21T12:07:57.793+08:00  INFO 16860 --- [main] o.apache.catalina.core.StandardService   : Starting service [Tomcat]
2023-04-21T12:07:57.793+08:00  INFO 16860 --- [main] o.apache.catalina.core.StandardEngine    : Starting Servlet engine: [Apache Tomcat/10.1.7]
2023-04-21T12:07:57.847+08:00  INFO 16860 --- [main] o.a.c.c.C.[Tomcat].[localhost].[/]       : Initializing Spring embedded WebApplicationContext
2023-04-21T12:07:57.847+08:00  INFO 16860 --- [main] w.s.c.ServletWebServerApplicationContext : Root WebApplicationContext: initialization completed in 573 ms
2023-04-21T12:07:58.404+08:00  INFO 16860 --- [main] o.s.b.w.embedded.tomcat.TomcatWebServer  : Tomcat started on port(s): 82 (http) with context path ''
2023-04-21T12:07:58.409+08:00  INFO 16860 --- [main] c.m.thoseyears0_1.ThoseYearsApplication  : Started ThoseYearsApplication in 1.417 seconds (process running for 1.761)
2023-04-21T12:08:07.440+08:00  INFO 16860 --- [http-nio-82-exec-1] o.a.c.c.C.[Tomcat].[localhost].[/]       : Initializing Spring DispatcherServlet 'dispatcherServlet'
2023-04-21T12:08:07.440+08:00  INFO 16860 --- [http-nio-82-exec-1] o.s.web.servlet.DispatcherServlet        : Initializing Servlet 'dispatcherServlet'
2023-04-21T12:08:07.440+08:00  INFO 16860 --- [http-nio-82-exec-1] o.s.web.servlet.DispatcherServlet        : Completed initialization in 0 ms
2023-04-21T12:08:07.554+08:00  INFO 16860 --- [http-nio-82-exec-1] com.alibaba.druid.pool.DruidDataSource   : {dataSource-1} inited
2023-04-21T12:09:57.255+08:00  WARN 16860 --- [http-nio-82-exec-9] .w.s.m.s.DefaultHandlerExceptionResolver : Resolved [org.springframework.web.method.annotation.MethodArgumentTypeMismatchException: Failed to convert value of type 'java.lang.String' to required type 'java.lang.Integer'; For input string: ":logistics_id"]
2023-04-21T12:11:05.427+08:00  WARN 16860 --- [http-nio-82-exec-1] .w.s.m.s.DefaultHandlerExceptionResolver : Resolved [org.springframework.web.method.annotation.MethodArgumentTypeMismatchException: Failed to convert value of type 'java.lang.String' to required type 'java.lang.Integer'; For input string: ":logistics_id"]
2023-04-21T12:12:19.352+08:00  WARN 16860 --- [http-nio-82-exec-2] .w.s.m.s.DefaultHandlerExceptionResolver : Resolved [org.springframework.web.method.annotation.MethodArgumentTypeMismatchException: Failed to convert value of type 'java.lang.String' to required type 'java.lang.Integer'; For input string: ":logistics_id"]
2023-04-21T12:12:26.253+08:00  WARN 16860 --- [http-nio-82-exec-3] .w.s.m.s.DefaultHandlerExceptionResolver : Resolved [org.springframework.web.method.annotation.MethodArgumentTypeMismatchException: Failed to convert value of type 'java.lang.String' to required type 'java.lang.Integer'; For input string: ":logistics_id"]
2023-04-21T12:13:02.905+08:00  WARN 16860 --- [http-nio-82-exec-4] .w.s.m.s.DefaultHandlerExceptionResolver : Resolved [org.springframework.web.method.annotation.MethodArgumentTypeMismatchException: Failed to convert value of type 'java.lang.String' to required type 'java.lang.Integer'; For input string: ":logistics_id"]
2023-04-21T12:13:05.506+08:00  WARN 16860 --- [http-nio-82-exec-5] .w.s.m.s.DefaultHandlerExceptionResolver : Resolved [org.springframework.web.method.annotation.MethodArgumentTypeMismatchException: Failed to convert value of type 'java.lang.String' to required type 'java.lang.Integer'; For input string: ":logistics_id"]
2023-04-21T12:13:35.150+08:00  WARN 16860 --- [http-nio-82-exec-7] .w.s.m.s.DefaultHandlerExceptionResolver : Resolved [org.springframework.web.method.annotation.MethodArgumentTypeMismatchException: Failed to convert value of type 'java.lang.String' to required type 'java.lang.Integer'; For input string: ":logistics_id"]
2023-04-21T13:48:40.832+08:00  INFO 16860 --- [SpringApplicationShutdownHook] com.alibaba.druid.pool.DruidDataSource   : {dataSource-1} closing ...
2023-04-21T13:48:40.833+08:00  INFO 16860 --- [SpringApplicationShutdownHook] com.alibaba.druid.pool.DruidDataSource   : {dataSource-1} closed
2023-04-21T13:48:45.057+08:00  INFO 22968 --- [main] c.m.thoseyears0_1.ThoseYearsApplication  : Starting ThoseYearsApplication using Java 20 with PID 22968 (E:\IDEA\ideaproject\ThoseYears0_1\target\classes started by MGR in E:\IDEA\ideaproject\ThoseYears0_1)
2023-04-21T13:48:45.058+08:00  INFO 22968 --- [main] c.m.thoseyears0_1.ThoseYearsApplication  : The following 3 profiles are active: "dev", "devDB", "devother"
2023-04-21T13:48:45.768+08:00  INFO 22968 --- [main] o.s.b.w.embedded.tomcat.TomcatWebServer  : Tomcat initialized with port(s): 82 (http)
2023-04-21T13:48:45.773+08:00  INFO 22968 --- [main] o.apache.catalina.core.StandardService   : Starting service [Tomcat]
2023-04-21T13:48:45.773+08:00  INFO 22968 --- [main] o.apache.catalina.core.StandardEngine    : Starting Servlet engine: [Apache Tomcat/10.1.7]
2023-04-21T13:48:45.823+08:00  INFO 22968 --- [main] o.a.c.c.C.[Tomcat].[localhost].[/]       : Initializing Spring embedded WebApplicationContext
2023-04-21T13:48:45.823+08:00  INFO 22968 --- [main] w.s.c.ServletWebServerApplicationContext : Root WebApplicationContext: initialization completed in 733 ms
2023-04-21T13:48:46.398+08:00  INFO 22968 --- [main] o.s.b.w.embedded.tomcat.TomcatWebServer  : Tomcat started on port(s): 82 (http) with context path ''
2023-04-21T13:48:46.403+08:00  INFO 22968 --- [main] c.m.thoseyears0_1.ThoseYearsApplication  : Started ThoseYearsApplication in 1.632 seconds (process running for 2.132)
2023-04-21T13:48:54.645+08:00  INFO 22968 --- [http-nio-82-exec-1] o.a.c.c.C.[Tomcat].[localhost].[/]       : Initializing Spring DispatcherServlet 'dispatcherServlet'
2023-04-21T13:48:54.645+08:00  INFO 22968 --- [http-nio-82-exec-1] o.s.web.servlet.DispatcherServlet        : Initializing Servlet 'dispatcherServlet'
2023-04-21T13:48:54.645+08:00  INFO 22968 --- [http-nio-82-exec-1] o.s.web.servlet.DispatcherServlet        : Completed initialization in 0 ms
2023-04-21T13:48:54.705+08:00  INFO 22968 --- [http-nio-82-exec-1] com.alibaba.druid.pool.DruidDataSource   : {dataSource-1} inited
2023-04-21T13:51:23.764+08:00  INFO 22968 --- [SpringApplicationShutdownHook] com.alibaba.druid.pool.DruidDataSource   : {dataSource-1} closing ...
2023-04-21T13:51:23.767+08:00  INFO 22968 --- [SpringApplicationShutdownHook] com.alibaba.druid.pool.DruidDataSource   : {dataSource-1} closed
2023-04-21T13:51:27.078+08:00  INFO 24416 --- [main] c.m.thoseyears0_1.ThoseYearsApplication  : Starting ThoseYearsApplication using Java 20 with PID 24416 (E:\IDEA\ideaproject\ThoseYears0_1\target\classes started by MGR in E:\IDEA\ideaproject\ThoseYears0_1)
2023-04-21T13:51:27.079+08:00  INFO 24416 --- [main] c.m.thoseyears0_1.ThoseYearsApplication  : The following 3 profiles are active: "dev", "devDB", "devother"
2023-04-21T13:51:27.603+08:00  INFO 24416 --- [main] o.s.b.w.embedded.tomcat.TomcatWebServer  : Tomcat initialized with port(s): 82 (http)
2023-04-21T13:51:27.608+08:00  INFO 24416 --- [main] o.apache.catalina.core.StandardService   : Starting service [Tomcat]
2023-04-21T13:51:27.608+08:00  INFO 24416 --- [main] o.apache.catalina.core.StandardEngine    : Starting Servlet engine: [Apache Tomcat/10.1.7]
2023-04-21T13:51:27.662+08:00  INFO 24416 --- [main] o.a.c.c.C.[Tomcat].[localhost].[/]       : Initializing Spring embedded WebApplicationContext
2023-04-21T13:51:27.662+08:00  INFO 24416 --- [main] w.s.c.ServletWebServerApplicationContext : Root WebApplicationContext: initialization completed in 558 ms
2023-04-21T13:51:28.221+08:00  INFO 24416 --- [main] o.s.b.w.embedded.tomcat.TomcatWebServer  : Tomcat started on port(s): 82 (http) with context path ''
2023-04-21T13:51:28.226+08:00  INFO 24416 --- [main] c.m.thoseyears0_1.ThoseYearsApplication  : Started ThoseYearsApplication in 1.417 seconds (process running for 1.782)
2023-04-21T13:51:42.848+08:00  INFO 24416 --- [http-nio-82-exec-1] o.a.c.c.C.[Tomcat].[localhost].[/]       : Initializing Spring DispatcherServlet 'dispatcherServlet'
2023-04-21T13:51:42.848+08:00  INFO 24416 --- [http-nio-82-exec-1] o.s.web.servlet.DispatcherServlet        : Initializing Servlet 'dispatcherServlet'
2023-04-21T13:51:42.848+08:00  INFO 24416 --- [http-nio-82-exec-1] o.s.web.servlet.DispatcherServlet        : Completed initialization in 0 ms
2023-04-21T13:51:42.952+08:00  INFO 24416 --- [http-nio-82-exec-2] com.alibaba.druid.pool.DruidDataSource   : {dataSource-1} inited
2023-04-21T13:56:18.495+08:00  INFO 24416 --- [SpringApplicationShutdownHook] com.alibaba.druid.pool.DruidDataSource   : {dataSource-1} closing ...
2023-04-21T13:56:18.498+08:00  INFO 24416 --- [SpringApplicationShutdownHook] com.alibaba.druid.pool.DruidDataSource   : {dataSource-1} closed
2023-04-21T13:56:21.877+08:00  INFO 3424 --- [main] c.m.thoseyears0_1.ThoseYearsApplication  : Starting ThoseYearsApplication using Java 20 with PID 3424 (E:\IDEA\ideaproject\ThoseYears0_1\target\classes started by MGR in E:\IDEA\ideaproject\ThoseYears0_1)
2023-04-21T13:56:21.878+08:00  INFO 3424 --- [main] c.m.thoseyears0_1.ThoseYearsApplication  : The following 3 profiles are active: "dev", "devDB", "devother"
2023-04-21T13:56:22.402+08:00  INFO 3424 --- [main] o.s.b.w.embedded.tomcat.TomcatWebServer  : Tomcat initialized with port(s): 82 (http)
2023-04-21T13:56:22.407+08:00  INFO 3424 --- [main] o.apache.catalina.core.StandardService   : Starting service [Tomcat]
2023-04-21T13:56:22.408+08:00  INFO 3424 --- [main] o.apache.catalina.core.StandardEngine    : Starting Servlet engine: [Apache Tomcat/10.1.7]
2023-04-21T13:56:22.461+08:00  INFO 3424 --- [main] o.a.c.c.C.[Tomcat].[localhost].[/]       : Initializing Spring embedded WebApplicationContext
2023-04-21T13:56:22.461+08:00  INFO 3424 --- [main] w.s.c.ServletWebServerApplicationContext : Root WebApplicationContext: initialization completed in 559 ms
2023-04-21T13:56:23.037+08:00  INFO 3424 --- [main] o.s.b.w.embedded.tomcat.TomcatWebServer  : Tomcat started on port(s): 82 (http) with context path ''
2023-04-21T13:56:23.043+08:00  INFO 3424 --- [main] c.m.thoseyears0_1.ThoseYearsApplication  : Started ThoseYearsApplication in 1.455 seconds (process running for 1.819)
2023-04-21T13:56:35.371+08:00  INFO 3424 --- [http-nio-82-exec-1] o.a.c.c.C.[Tomcat].[localhost].[/]       : Initializing Spring DispatcherServlet 'dispatcherServlet'
2023-04-21T13:56:35.371+08:00  INFO 3424 --- [http-nio-82-exec-1] o.s.web.servlet.DispatcherServlet        : Initializing Servlet 'dispatcherServlet'
2023-04-21T13:56:35.371+08:00  INFO 3424 --- [http-nio-82-exec-1] o.s.web.servlet.DispatcherServlet        : Completed initialization in 0 ms
2023-04-21T13:56:35.480+08:00  INFO 3424 --- [http-nio-82-exec-1] com.alibaba.druid.pool.DruidDataSource   : {dataSource-1} inited
2023-04-21T13:57:40.336+08:00  INFO 3424 --- [SpringApplicationShutdownHook] com.alibaba.druid.pool.DruidDataSource   : {dataSource-1} closing ...
2023-04-21T13:57:40.339+08:00  INFO 3424 --- [SpringApplicationShutdownHook] com.alibaba.druid.pool.DruidDataSource   : {dataSource-1} closed
2023-04-21T13:57:43.557+08:00  INFO 13556 --- [main] c.m.thoseyears0_1.ThoseYearsApplication  : Starting ThoseYearsApplication using Java 20 with PID 13556 (E:\IDEA\ideaproject\ThoseYears0_1\target\classes started by MGR in E:\IDEA\ideaproject\ThoseYears0_1)
2023-04-21T13:57:43.558+08:00  INFO 13556 --- [main] c.m.thoseyears0_1.ThoseYearsApplication  : The following 3 profiles are active: "dev", "devDB", "devother"
2023-04-21T13:57:44.103+08:00  INFO 13556 --- [main] o.s.b.w.embedded.tomcat.TomcatWebServer  : Tomcat initialized with port(s): 82 (http)
2023-04-21T13:57:44.108+08:00  INFO 13556 --- [main] o.apache.catalina.core.StandardService   : Starting service [Tomcat]
2023-04-21T13:57:44.109+08:00  INFO 13556 --- [main] o.apache.catalina.core.StandardEngine    : Starting Servlet engine: [Apache Tomcat/10.1.7]
2023-04-21T13:57:44.158+08:00  INFO 13556 --- [main] o.a.c.c.C.[Tomcat].[localhost].[/]       : Initializing Spring embedded WebApplicationContext
2023-04-21T13:57:44.159+08:00  INFO 13556 --- [main] w.s.c.ServletWebServerApplicationContext : Root WebApplicationContext: initialization completed in 577 ms
2023-04-21T13:57:44.699+08:00  INFO 13556 --- [main] o.s.b.w.embedded.tomcat.TomcatWebServer  : Tomcat started on port(s): 82 (http) with context path ''
2023-04-21T13:57:44.708+08:00  INFO 13556 --- [main] c.m.thoseyears0_1.ThoseYearsApplication  : Started ThoseYearsApplication in 1.408 seconds (process running for 1.749)
2023-04-21T13:57:46.983+08:00  INFO 13556 --- [http-nio-82-exec-1] o.a.c.c.C.[Tomcat].[localhost].[/]       : Initializing Spring DispatcherServlet 'dispatcherServlet'
2023-04-21T13:57:46.983+08:00  INFO 13556 --- [http-nio-82-exec-1] o.s.web.servlet.DispatcherServlet        : Initializing Servlet 'dispatcherServlet'
2023-04-21T13:57:46.984+08:00  INFO 13556 --- [http-nio-82-exec-1] o.s.web.servlet.DispatcherServlet        : Completed initialization in 1 ms
2023-04-21T13:57:47.096+08:00  INFO 13556 --- [http-nio-82-exec-1] com.alibaba.druid.pool.DruidDataSource   : {dataSource-1} inited
2023-04-21T13:58:51.583+08:00  INFO 13556 --- [SpringApplicationShutdownHook] com.alibaba.druid.pool.DruidDataSource   : {dataSource-1} closing ...
2023-04-21T13:58:51.585+08:00  INFO 13556 --- [SpringApplicationShutdownHook] com.alibaba.druid.pool.DruidDataSource   : {dataSource-1} closed
2023-04-21T13:58:54.851+08:00  INFO 16588 --- [main] c.m.thoseyears0_1.ThoseYearsApplication  : Starting ThoseYearsApplication using Java 20 with PID 16588 (E:\IDEA\ideaproject\ThoseYears0_1\target\classes started by MGR in E:\IDEA\ideaproject\ThoseYears0_1)
2023-04-21T13:58:54.852+08:00  INFO 16588 --- [main] c.m.thoseyears0_1.ThoseYearsApplication  : The following 3 profiles are active: "dev", "devDB", "devother"
2023-04-21T13:58:55.396+08:00  INFO 16588 --- [main] o.s.b.w.embedded.tomcat.TomcatWebServer  : Tomcat initialized with port(s): 82 (http)
2023-04-21T13:58:55.401+08:00  INFO 16588 --- [main] o.apache.catalina.core.StandardService   : Starting service [Tomcat]
2023-04-21T13:58:55.401+08:00  INFO 16588 --- [main] o.apache.catalina.core.StandardEngine    : Starting Servlet engine: [Apache Tomcat/10.1.7]
2023-04-21T13:58:55.452+08:00  INFO 16588 --- [main] o.a.c.c.C.[Tomcat].[localhost].[/]       : Initializing Spring embedded WebApplicationContext
2023-04-21T13:58:55.453+08:00  INFO 16588 --- [main] w.s.c.ServletWebServerApplicationContext : Root WebApplicationContext: initialization completed in 576 ms
2023-04-21T13:58:56.039+08:00  INFO 16588 --- [main] o.s.b.w.embedded.tomcat.TomcatWebServer  : Tomcat started on port(s): 82 (http) with context path ''
2023-04-21T13:58:56.044+08:00  INFO 16588 --- [main] c.m.thoseyears0_1.ThoseYearsApplication  : Started ThoseYearsApplication in 1.451 seconds (process running for 1.834)
2023-04-21T13:59:39.368+08:00  INFO 16588 --- [http-nio-82-exec-1] o.a.c.c.C.[Tomcat].[localhost].[/]       : Initializing Spring DispatcherServlet 'dispatcherServlet'
2023-04-21T13:59:39.369+08:00  INFO 16588 --- [http-nio-82-exec-1] o.s.web.servlet.DispatcherServlet        : Initializing Servlet 'dispatcherServlet'
2023-04-21T13:59:39.369+08:00  INFO 16588 --- [http-nio-82-exec-1] o.s.web.servlet.DispatcherServlet        : Completed initialization in 0 ms
2023-04-21T13:59:39.484+08:00  INFO 16588 --- [http-nio-82-exec-1] com.alibaba.druid.pool.DruidDataSource   : {dataSource-1} inited
2023-04-21T17:36:18.624+08:00  INFO 16588 --- [SpringApplicationShutdownHook] com.alibaba.druid.pool.DruidDataSource   : {dataSource-1} closing ...
2023-04-21T17:36:18.640+08:00  INFO 16588 --- [SpringApplicationShutdownHook] com.alibaba.druid.pool.DruidDataSource   : {dataSource-1} closed
2023-04-21T19:53:23.891+08:00  INFO 21004 --- [main] c.m.thoseyears0_1.ThoseYearsApplication  : Starting ThoseYearsApplication using Java 20 with PID 21004 (E:\IDEA\ideaproject\ThoseYears0_1\target\classes started by MGR in E:\IDEA\ideaproject\ThoseYears0_1)
2023-04-21T19:53:23.893+08:00  INFO 21004 --- [main] c.m.thoseyears0_1.ThoseYearsApplication  : The following 3 profiles are active: "dev", "devDB", "devother"
2023-04-21T19:53:24.467+08:00  INFO 21004 --- [main] o.s.b.w.embedded.tomcat.TomcatWebServer  : Tomcat initialized with port(s): 82 (http)
2023-04-21T19:53:24.476+08:00  INFO 21004 --- [main] o.apache.catalina.core.StandardService   : Starting service [Tomcat]
2023-04-21T19:53:24.476+08:00  INFO 21004 --- [main] o.apache.catalina.core.StandardEngine    : Starting Servlet engine: [Apache Tomcat/10.1.7]
2023-04-21T19:53:24.538+08:00  INFO 21004 --- [main] o.a.c.c.C.[Tomcat].[localhost].[/]       : Initializing Spring embedded WebApplicationContext
2023-04-21T19:53:24.539+08:00  INFO 21004 --- [main] w.s.c.ServletWebServerApplicationContext : Root WebApplicationContext: initialization completed in 616 ms
2023-04-21T19:53:25.103+08:00  INFO 21004 --- [main] o.s.b.w.embedded.tomcat.TomcatWebServer  : Tomcat started on port(s): 82 (http) with context path ''
2023-04-21T19:53:25.108+08:00  INFO 21004 --- [main] c.m.thoseyears0_1.ThoseYearsApplication  : Started ThoseYearsApplication in 1.521 seconds (process running for 1.907)
2023-04-21T19:54:01.699+08:00  INFO 21004 --- [http-nio-82-exec-1] o.a.c.c.C.[Tomcat].[localhost].[/]       : Initializing Spring DispatcherServlet 'dispatcherServlet'
2023-04-21T19:54:01.699+08:00  INFO 21004 --- [http-nio-82-exec-1] o.s.web.servlet.DispatcherServlet        : Initializing Servlet 'dispatcherServlet'
2023-04-21T19:54:01.700+08:00  INFO 21004 --- [http-nio-82-exec-1] o.s.web.servlet.DispatcherServlet        : Completed initialization in 1 ms
2023-04-21T19:54:01.759+08:00  INFO 21004 --- [http-nio-82-exec-1] com.alibaba.druid.pool.DruidDataSource   : {dataSource-1} inited
2023-04-21T23:39:07.783+08:00  INFO 21004 --- [SpringApplicationShutdownHook] com.alibaba.druid.pool.DruidDataSource   : {dataSource-1} closing ...
2023-04-21T23:39:07.783+08:00  INFO 21004 --- [SpringApplicationShutdownHook] com.alibaba.druid.pool.DruidDataSource   : {dataSource-1} closed
