2023-04-13T00:11:41.924+08:00  WARN 26012 --- [http-nio-82-exec-8] .w.s.m.s.DefaultHandlerExceptionResolver : Resolved [org.springframework.web.method.annotation.MethodArgumentTypeMismatchException: Failed to convert value of type 'java.lang.String' to required type 'java.lang.Integer'; For input string: ":logistics_id"]
2023-04-13T00:27:38.581+08:00  WARN 26012 --- [http-nio-82-exec-10] .w.s.m.s.DefaultHandlerExceptionResolver : Resolved [org.springframework.web.method.annotation.MethodArgumentTypeMismatchException: Failed to convert value of type 'java.lang.String' to required type 'java.lang.Integer'; For input string: ":logistics_id"]
2023-04-13T00:49:39.377+08:00  WARN 26012 --- [http-nio-82-exec-4] .w.s.m.s.DefaultHandlerExceptionResolver : Resolved [org.springframework.web.method.annotation.MethodArgumentTypeMismatchException: Failed to convert value of type 'java.lang.String' to required type 'java.lang.Integer'; For input string: ":logistics_id"]
2023-04-13T00:49:53.894+08:00  WARN 26012 --- [http-nio-82-exec-8] .w.s.m.s.DefaultHandlerExceptionResolver : Resolved [org.springframework.web.method.annotation.MethodArgumentTypeMismatchException: Failed to convert value of type 'java.lang.String' to required type 'java.lang.Integer'; For input string: ":logistics_id"]
2023-04-13T00:49:58.372+08:00  WARN 26012 --- [http-nio-82-exec-9] .w.s.m.s.DefaultHandlerExceptionResolver : Resolved [org.springframework.web.method.annotation.MethodArgumentTypeMismatchException: Failed to convert value of type 'java.lang.String' to required type 'java.lang.Integer'; For input string: ":logistics_id"]
2023-04-13T09:35:43.539+08:00  INFO 3624 --- [main] c.m.thoseyears0_1.ThoseYearsApplication  : Starting ThoseYearsApplication using Java 20 with PID 3624 (E:\IDEA\ideaproject\ThoseYears0_1\target\classes started by MGR in E:\IDEA\ideaproject\ThoseYears0_1)
2023-04-13T09:35:43.540+08:00  INFO 3624 --- [main] c.m.thoseyears0_1.ThoseYearsApplication  : The following 3 profiles are active: "dev", "devDB", "devother"
2023-04-13T09:35:44.117+08:00  INFO 3624 --- [main] o.s.b.w.embedded.tomcat.TomcatWebServer  : Tomcat initialized with port(s): 82 (http)
2023-04-13T09:35:44.123+08:00  INFO 3624 --- [main] o.apache.catalina.core.StandardService   : Starting service [Tomcat]
2023-04-13T09:35:44.124+08:00  INFO 3624 --- [main] o.apache.catalina.core.StandardEngine    : Starting Servlet engine: [Apache Tomcat/10.1.7]
2023-04-13T09:35:44.171+08:00  INFO 3624 --- [main] o.a.c.c.C.[Tomcat].[localhost].[/]       : Initializing Spring embedded WebApplicationContext
2023-04-13T09:35:44.171+08:00  INFO 3624 --- [main] w.s.c.ServletWebServerApplicationContext : Root WebApplicationContext: initialization completed in 604 ms
2023-04-13T09:35:44.760+08:00  INFO 3624 --- [main] o.s.b.w.embedded.tomcat.TomcatWebServer  : Tomcat started on port(s): 82 (http) with context path ''
2023-04-13T09:35:44.765+08:00  INFO 3624 --- [main] c.m.thoseyears0_1.ThoseYearsApplication  : Started ThoseYearsApplication in 1.509 seconds (process running for 2.907)
2023-04-13T09:37:04.775+08:00  INFO 3624 --- [http-nio-82-exec-1] o.a.c.c.C.[Tomcat].[localhost].[/]       : Initializing Spring DispatcherServlet 'dispatcherServlet'
2023-04-13T09:37:04.776+08:00  INFO 3624 --- [http-nio-82-exec-1] o.s.web.servlet.DispatcherServlet        : Initializing Servlet 'dispatcherServlet'
2023-04-13T09:37:04.776+08:00  INFO 3624 --- [http-nio-82-exec-1] o.s.web.servlet.DispatcherServlet        : Completed initialization in 0 ms
2023-04-13T09:37:06.249+08:00  WARN 3624 --- [http-nio-82-exec-3] .w.s.m.s.DefaultHandlerExceptionResolver : Resolved [org.springframework.web.method.annotation.MethodArgumentTypeMismatchException: Failed to convert value of type 'java.lang.String' to required type 'java.lang.Integer'; For input string: ":logistics_id"]
2023-04-13T09:37:23.340+08:00  WARN 3624 --- [http-nio-82-exec-2] .w.s.m.s.DefaultHandlerExceptionResolver : Resolved [org.springframework.web.method.annotation.MethodArgumentTypeMismatchException: Failed to convert value of type 'java.lang.String' to required type 'java.lang.Integer'; For input string: ":logistics_id"]
2023-04-13T09:37:26.616+08:00  WARN 3624 --- [http-nio-82-exec-4] .w.s.m.s.DefaultHandlerExceptionResolver : Resolved [org.springframework.web.method.annotation.MethodArgumentTypeMismatchException: Failed to convert value of type 'java.lang.String' to required type 'java.lang.Integer'; For input string: ":logistics_id"]
2023-04-13T11:05:26.131+08:00  WARN 3624 --- [http-nio-82-exec-5] .w.s.m.s.DefaultHandlerExceptionResolver : Resolved [org.springframework.web.method.annotation.MethodArgumentTypeMismatchException: Failed to convert value of type 'java.lang.String' to required type 'java.lang.Integer'; For input string: ":logistics_id"]
2023-04-13T14:36:02.672+08:00  INFO 3624 --- [SpringApplicationShutdownHook] com.alibaba.druid.pool.DruidDataSource   : {dataSource-0} closing ...
