2023-04-18T09:47:28.477+08:00  INFO 11428 --- [main] c.m.thoseyears0_1.ThoseYearsApplication  : Starting ThoseYearsApplication using Java 20 with PID 11428 (E:\IDEA\ideaproject\ThoseYears0_1\target\classes started by MGR in E:\IDEA\ideaproject\ThoseYears0_1)
2023-04-18T09:47:28.479+08:00  INFO 11428 --- [main] c.m.thoseyears0_1.ThoseYearsApplication  : The following 3 profiles are active: "dev", "devDB", "devother"
2023-04-18T09:47:29.276+08:00  INFO 11428 --- [main] o.s.b.w.embedded.tomcat.TomcatWebServer  : Tomcat initialized with port(s): 82 (http)
2023-04-18T09:47:29.282+08:00  INFO 11428 --- [main] o.apache.catalina.core.StandardService   : Starting service [Tomcat]
2023-04-18T09:47:29.282+08:00  INFO 11428 --- [main] o.apache.catalina.core.StandardEngine    : Starting Servlet engine: [Apache Tomcat/10.1.7]
2023-04-18T09:47:29.344+08:00  INFO 11428 --- [main] o.a.c.c.C.[Tomcat].[localhost].[/]       : Initializing Spring embedded WebApplicationContext
2023-04-18T09:47:29.344+08:00  INFO 11428 --- [main] w.s.c.ServletWebServerApplicationContext : Root WebApplicationContext: initialization completed in 835 ms
2023-04-18T09:47:30.011+08:00  INFO 11428 --- [main] o.s.b.w.embedded.tomcat.TomcatWebServer  : Tomcat started on port(s): 82 (http) with context path ''
2023-04-18T09:47:30.018+08:00  INFO 11428 --- [main] c.m.thoseyears0_1.ThoseYearsApplication  : Started ThoseYearsApplication in 1.934 seconds (process running for 3.596)
2023-04-18T09:47:36.743+08:00  INFO 11428 --- [http-nio-82-exec-1] o.a.c.c.C.[Tomcat].[localhost].[/]       : Initializing Spring DispatcherServlet 'dispatcherServlet'
2023-04-18T09:47:36.744+08:00  INFO 11428 --- [http-nio-82-exec-1] o.s.web.servlet.DispatcherServlet        : Initializing Servlet 'dispatcherServlet'
2023-04-18T09:47:36.744+08:00  INFO 11428 --- [http-nio-82-exec-1] o.s.web.servlet.DispatcherServlet        : Completed initialization in 0 ms
2023-04-18T09:47:36.804+08:00  INFO 11428 --- [http-nio-82-exec-1] com.alibaba.druid.pool.DruidDataSource   : {dataSource-1} inited
2023-04-18T10:39:03.006+08:00  WARN 11428 --- [http-nio-82-exec-6] .w.s.m.s.DefaultHandlerExceptionResolver : Resolved [org.springframework.web.method.annotation.MethodArgumentTypeMismatchException: Failed to convert value of type 'java.lang.String' to required type 'java.lang.Integer'; For input string: ":logistics_id"]
2023-04-18T10:41:08.928+08:00  WARN 11428 --- [http-nio-82-exec-9] .w.s.m.s.DefaultHandlerExceptionResolver : Resolved [org.springframework.web.method.annotation.MethodArgumentTypeMismatchException: Failed to convert value of type 'java.lang.String' to required type 'java.lang.Integer'; For input string: ":logistics_id"]
2023-04-18T10:50:44.034+08:00  WARN 11428 --- [http-nio-82-exec-6] .w.s.m.s.DefaultHandlerExceptionResolver : Resolved [org.springframework.web.method.annotation.MethodArgumentTypeMismatchException: Failed to convert value of type 'java.lang.String' to required type 'java.lang.Integer'; For input string: ":logistics_id"]
2023-04-18T11:56:39.481+08:00  WARN 11428 --- [http-nio-82-exec-5] .w.s.m.s.DefaultHandlerExceptionResolver : Resolved [org.springframework.web.method.annotation.MethodArgumentTypeMismatchException: Failed to convert value of type 'java.lang.String' to required type 'java.lang.Integer'; For input string: ":logistics_id"]
2023-04-18T15:11:02.309+08:00  WARN 11428 --- [http-nio-82-exec-4] .w.s.m.s.DefaultHandlerExceptionResolver : Resolved [org.springframework.web.method.annotation.MethodArgumentTypeMismatchException: Failed to convert value of type 'java.lang.String' to required type 'java.lang.Integer'; For input string: ":logistics_id"]
2023-04-18T15:12:49.317+08:00  WARN 11428 --- [http-nio-82-exec-5] .w.s.m.s.DefaultHandlerExceptionResolver : Resolved [org.springframework.web.method.annotation.MethodArgumentTypeMismatchException: Failed to convert value of type 'java.lang.String' to required type 'java.lang.Integer'; For input string: ":logistics_id"]
2023-04-18T15:14:47.236+08:00  WARN 11428 --- [http-nio-82-exec-6] .w.s.m.s.DefaultHandlerExceptionResolver : Resolved [org.springframework.web.method.annotation.MethodArgumentTypeMismatchException: Failed to convert value of type 'java.lang.String' to required type 'java.lang.Integer'; For input string: ":logistics_id"]
2023-04-18T15:15:14.713+08:00  WARN 11428 --- [http-nio-82-exec-7] .w.s.m.s.DefaultHandlerExceptionResolver : Resolved [org.springframework.web.method.annotation.MethodArgumentTypeMismatchException: Failed to convert value of type 'java.lang.String' to required type 'java.lang.Integer'; For input string: ":logistics_id"]
