2023-04-24T08:31:20.457+08:00  INFO 9688 --- [main] c.m.thoseyears0_1.ThoseYearsApplication  : Starting ThoseYearsApplication using Java 20 with PID 9688 (E:\IDEA\ideaproject\ThoseYears0_1\target\classes started by MGR in E:\IDEA\ideaproject\ThoseYears0_1)
2023-04-24T08:31:20.460+08:00  INFO 9688 --- [main] c.m.thoseyears0_1.ThoseYearsApplication  : The following 3 profiles are active: "dev", "devDB", "devother"
2023-04-24T08:31:21.434+08:00  INFO 9688 --- [main] o.s.b.w.embedded.tomcat.TomcatWebServer  : Tomcat initialized with port(s): 82 (http)
2023-04-24T08:31:21.442+08:00  INFO 9688 --- [main] o.apache.catalina.core.StandardService   : Starting service [Tomcat]
2023-04-24T08:31:21.443+08:00  INFO 9688 --- [main] o.apache.catalina.core.StandardEngine    : Starting Servlet engine: [Apache Tomcat/10.1.7]
2023-04-24T08:31:21.497+08:00  INFO 9688 --- [main] o.a.c.c.C.[Tomcat].[localhost].[/]       : Initializing Spring embedded WebApplicationContext
2023-04-24T08:31:21.497+08:00  INFO 9688 --- [main] w.s.c.ServletWebServerApplicationContext : Root WebApplicationContext: initialization completed in 1004 ms
2023-04-24T08:31:22.183+08:00  INFO 9688 --- [main] o.s.b.w.embedded.tomcat.TomcatWebServer  : Tomcat started on port(s): 82 (http) with context path ''
2023-04-24T08:31:22.189+08:00  INFO 9688 --- [main] c.m.thoseyears0_1.ThoseYearsApplication  : Started ThoseYearsApplication in 2.091 seconds (process running for 3.581)
2023-04-24T12:59:17.153+08:00  INFO 9688 --- [http-nio-82-exec-1] o.a.c.c.C.[Tomcat].[localhost].[/]       : Initializing Spring DispatcherServlet 'dispatcherServlet'
2023-04-24T12:59:17.155+08:00  INFO 9688 --- [http-nio-82-exec-1] o.s.web.servlet.DispatcherServlet        : Initializing Servlet 'dispatcherServlet'
2023-04-24T12:59:17.166+08:00  INFO 9688 --- [http-nio-82-exec-1] o.s.web.servlet.DispatcherServlet        : Completed initialization in 10 ms
2023-04-24T12:59:17.262+08:00  INFO 9688 --- [http-nio-82-exec-1] com.alibaba.druid.pool.DruidDataSource   : {dataSource-1} inited
2023-04-24T16:00:21.886+08:00  INFO 9688 --- [SpringApplicationShutdownHook] com.alibaba.druid.pool.DruidDataSource   : {dataSource-1} closing ...
2023-04-24T16:00:21.886+08:00  INFO 9688 --- [SpringApplicationShutdownHook] com.alibaba.druid.pool.DruidDataSource   : {dataSource-1} closed
2023-04-24T16:09:50.723+08:00  INFO 12896 --- [main] c.m.t.ThoseYearsApplicationTests         : Starting ThoseYearsApplicationTests using Java 20 with PID 12896 (started by MGR in E:\IDEA\ideaproject\ThoseYears0_1)
2023-04-24T16:09:50.725+08:00  INFO 12896 --- [main] c.m.t.ThoseYearsApplicationTests         : The following 3 profiles are active: "dev", "devDB", "devother"
2023-04-24T16:09:51.281+08:00  INFO 12896 --- [main] .s.d.r.c.RepositoryConfigurationDelegate : Multiple Spring Data modules found, entering strict repository configuration mode
2023-04-24T16:09:51.283+08:00  INFO 12896 --- [main] .s.d.r.c.RepositoryConfigurationDelegate : Bootstrapping Spring Data Redis repositories in DEFAULT mode.
2023-04-24T16:09:51.306+08:00  INFO 12896 --- [main] .s.d.r.c.RepositoryConfigurationDelegate : Finished Spring Data repository scanning in 12 ms. Found 0 Redis repository interfaces.
2023-04-24T16:09:52.651+08:00  INFO 12896 --- [main] c.m.t.ThoseYearsApplicationTests         : Started ThoseYearsApplicationTests in 2.216 seconds (process running for 3.029)
2023-04-24T16:09:53.428+08:00  INFO 12896 --- [SpringApplicationShutdownHook] com.alibaba.druid.pool.DruidDataSource   : {dataSource-0} closing ...
2023-04-24T16:10:48.823+08:00  INFO 19252 --- [main] c.m.t.ThoseYearsApplicationTests         : Starting ThoseYearsApplicationTests using Java 20 with PID 19252 (started by MGR in E:\IDEA\ideaproject\ThoseYears0_1)
2023-04-24T16:10:48.824+08:00  INFO 19252 --- [main] c.m.t.ThoseYearsApplicationTests         : The following 3 profiles are active: "dev", "devDB", "devother"
2023-04-24T16:10:49.281+08:00  INFO 19252 --- [main] .s.d.r.c.RepositoryConfigurationDelegate : Multiple Spring Data modules found, entering strict repository configuration mode
2023-04-24T16:10:49.283+08:00  INFO 19252 --- [main] .s.d.r.c.RepositoryConfigurationDelegate : Bootstrapping Spring Data Redis repositories in DEFAULT mode.
2023-04-24T16:10:49.313+08:00  INFO 19252 --- [main] .s.d.r.c.RepositoryConfigurationDelegate : Finished Spring Data repository scanning in 16 ms. Found 0 Redis repository interfaces.
2023-04-24T16:10:50.665+08:00  INFO 19252 --- [main] c.m.t.ThoseYearsApplicationTests         : Started ThoseYearsApplicationTests in 2.1 seconds (process running for 2.791)
2023-04-24T16:10:51.409+08:00  INFO 19252 --- [SpringApplicationShutdownHook] com.alibaba.druid.pool.DruidDataSource   : {dataSource-0} closing ...
2023-04-24T16:13:30.736+08:00  INFO 25628 --- [main] c.m.t.ThoseYearsApplicationTests         : Starting ThoseYearsApplicationTests using Java 20 with PID 25628 (started by MGR in E:\IDEA\ideaproject\ThoseYears0_1)
2023-04-24T16:13:30.738+08:00  INFO 25628 --- [main] c.m.t.ThoseYearsApplicationTests         : The following 3 profiles are active: "dev", "devDB", "devother"
2023-04-24T16:13:31.180+08:00  INFO 25628 --- [main] .s.d.r.c.RepositoryConfigurationDelegate : Multiple Spring Data modules found, entering strict repository configuration mode
2023-04-24T16:13:31.181+08:00  INFO 25628 --- [main] .s.d.r.c.RepositoryConfigurationDelegate : Bootstrapping Spring Data Redis repositories in DEFAULT mode.
2023-04-24T16:13:31.212+08:00  INFO 25628 --- [main] .s.d.r.c.RepositoryConfigurationDelegate : Finished Spring Data repository scanning in 18 ms. Found 0 Redis repository interfaces.
2023-04-24T16:13:32.620+08:00  INFO 25628 --- [main] c.m.t.ThoseYearsApplicationTests         : Started ThoseYearsApplicationTests in 2.183 seconds (process running for 2.869)
2023-04-24T16:13:33.322+08:00  INFO 25628 --- [SpringApplicationShutdownHook] com.alibaba.druid.pool.DruidDataSource   : {dataSource-0} closing ...
2023-04-24T16:13:37.996+08:00  INFO 11688 --- [main] c.m.t.ThoseYearsApplicationTests         : Starting ThoseYearsApplicationTests using Java 20 with PID 11688 (started by MGR in E:\IDEA\ideaproject\ThoseYears0_1)
2023-04-24T16:13:37.997+08:00  INFO 11688 --- [main] c.m.t.ThoseYearsApplicationTests         : The following 3 profiles are active: "dev", "devDB", "devother"
2023-04-24T16:13:38.443+08:00  INFO 11688 --- [main] .s.d.r.c.RepositoryConfigurationDelegate : Multiple Spring Data modules found, entering strict repository configuration mode
2023-04-24T16:13:38.445+08:00  INFO 11688 --- [main] .s.d.r.c.RepositoryConfigurationDelegate : Bootstrapping Spring Data Redis repositories in DEFAULT mode.
2023-04-24T16:13:38.476+08:00  INFO 11688 --- [main] .s.d.r.c.RepositoryConfigurationDelegate : Finished Spring Data repository scanning in 17 ms. Found 0 Redis repository interfaces.
2023-04-24T16:13:39.795+08:00  INFO 11688 --- [main] c.m.t.ThoseYearsApplicationTests         : Started ThoseYearsApplicationTests in 2.064 seconds (process running for 2.73)
2023-04-24T16:13:40.523+08:00  INFO 11688 --- [SpringApplicationShutdownHook] com.alibaba.druid.pool.DruidDataSource   : {dataSource-0} closing ...
2023-04-24T16:29:08.774+08:00  INFO 25544 --- [main] com.mgr.thoseyears0_1.redis.RedisTests   : Starting RedisTests using Java 20 with PID 25544 (started by MGR in E:\IDEA\ideaproject\ThoseYears0_1)
2023-04-24T16:29:08.775+08:00  INFO 25544 --- [main] com.mgr.thoseyears0_1.redis.RedisTests   : The following 3 profiles are active: "dev", "devDB", "devother"
2023-04-24T16:29:09.241+08:00  INFO 25544 --- [main] .s.d.r.c.RepositoryConfigurationDelegate : Multiple Spring Data modules found, entering strict repository configuration mode
2023-04-24T16:29:09.242+08:00  INFO 25544 --- [main] .s.d.r.c.RepositoryConfigurationDelegate : Bootstrapping Spring Data Redis repositories in DEFAULT mode.
2023-04-24T16:29:09.271+08:00  INFO 25544 --- [main] .s.d.r.c.RepositoryConfigurationDelegate : Finished Spring Data repository scanning in 16 ms. Found 0 Redis repository interfaces.
2023-04-24T16:29:10.521+08:00  INFO 25544 --- [main] com.mgr.thoseyears0_1.redis.RedisTests   : Started RedisTests in 2.002 seconds (process running for 2.665)
2023-04-24T16:29:11.198+08:00  INFO 25544 --- [SpringApplicationShutdownHook] com.alibaba.druid.pool.DruidDataSource   : {dataSource-0} closing ...
2023-04-24T16:29:15.657+08:00  INFO 18484 --- [main] com.mgr.thoseyears0_1.redis.RedisTests   : Starting RedisTests using Java 20 with PID 18484 (started by MGR in E:\IDEA\ideaproject\ThoseYears0_1)
2023-04-24T16:29:15.658+08:00  INFO 18484 --- [main] com.mgr.thoseyears0_1.redis.RedisTests   : The following 3 profiles are active: "dev", "devDB", "devother"
2023-04-24T16:29:16.087+08:00  INFO 18484 --- [main] .s.d.r.c.RepositoryConfigurationDelegate : Multiple Spring Data modules found, entering strict repository configuration mode
2023-04-24T16:29:16.088+08:00  INFO 18484 --- [main] .s.d.r.c.RepositoryConfigurationDelegate : Bootstrapping Spring Data Redis repositories in DEFAULT mode.
2023-04-24T16:29:16.114+08:00  INFO 18484 --- [main] .s.d.r.c.RepositoryConfigurationDelegate : Finished Spring Data repository scanning in 14 ms. Found 0 Redis repository interfaces.
2023-04-24T16:29:17.343+08:00  INFO 18484 --- [main] com.mgr.thoseyears0_1.redis.RedisTests   : Started RedisTests in 1.956 seconds (process running for 2.595)
2023-04-24T16:29:18.050+08:00  INFO 18484 --- [SpringApplicationShutdownHook] com.alibaba.druid.pool.DruidDataSource   : {dataSource-0} closing ...
2023-04-24T16:29:35.141+08:00  INFO 24692 --- [main] com.mgr.thoseyears0_1.redis.RedisTests   : Starting RedisTests using Java 20 with PID 24692 (started by MGR in E:\IDEA\ideaproject\ThoseYears0_1)
2023-04-24T16:29:35.142+08:00  INFO 24692 --- [main] com.mgr.thoseyears0_1.redis.RedisTests   : The following 3 profiles are active: "dev", "devDB", "devother"
2023-04-24T16:29:35.596+08:00  INFO 24692 --- [main] .s.d.r.c.RepositoryConfigurationDelegate : Multiple Spring Data modules found, entering strict repository configuration mode
2023-04-24T16:29:35.598+08:00  INFO 24692 --- [main] .s.d.r.c.RepositoryConfigurationDelegate : Bootstrapping Spring Data Redis repositories in DEFAULT mode.
2023-04-24T16:29:35.627+08:00  INFO 24692 --- [main] .s.d.r.c.RepositoryConfigurationDelegate : Finished Spring Data repository scanning in 14 ms. Found 0 Redis repository interfaces.
2023-04-24T16:29:37.009+08:00  INFO 24692 --- [main] com.mgr.thoseyears0_1.redis.RedisTests   : Started RedisTests in 2.133 seconds (process running for 2.791)
2023-04-24T16:29:37.770+08:00  INFO 24692 --- [SpringApplicationShutdownHook] com.alibaba.druid.pool.DruidDataSource   : {dataSource-0} closing ...
2023-04-24T16:44:42.883+08:00  INFO 25708 --- [main] c.m.thoseyears0_1.ThoseYearsApplication  : Starting ThoseYearsApplication using Java 20 with PID 25708 (E:\IDEA\ideaproject\ThoseYears0_1\target\classes started by MGR in E:\IDEA\ideaproject\ThoseYears0_1)
2023-04-24T16:44:42.885+08:00  INFO 25708 --- [main] c.m.thoseyears0_1.ThoseYearsApplication  : The following 3 profiles are active: "dev", "devDB", "devother"
2023-04-24T16:44:43.234+08:00  INFO 25708 --- [main] .s.d.r.c.RepositoryConfigurationDelegate : Multiple Spring Data modules found, entering strict repository configuration mode
2023-04-24T16:44:43.236+08:00  INFO 25708 --- [main] .s.d.r.c.RepositoryConfigurationDelegate : Bootstrapping Spring Data Redis repositories in DEFAULT mode.
2023-04-24T16:44:43.255+08:00  INFO 25708 --- [main] .s.d.r.c.RepositoryConfigurationDelegate : Finished Spring Data repository scanning in 9 ms. Found 0 Redis repository interfaces.
2023-04-24T16:44:43.592+08:00  INFO 25708 --- [main] o.s.b.w.embedded.tomcat.TomcatWebServer  : Tomcat initialized with port(s): 82 (http)
2023-04-24T16:44:43.598+08:00  INFO 25708 --- [main] o.apache.catalina.core.StandardService   : Starting service [Tomcat]
2023-04-24T16:44:43.598+08:00  INFO 25708 --- [main] o.apache.catalina.core.StandardEngine    : Starting Servlet engine: [Apache Tomcat/10.1.7]
2023-04-24T16:44:43.654+08:00  INFO 25708 --- [main] o.a.c.c.C.[Tomcat].[localhost].[/]       : Initializing Spring embedded WebApplicationContext
2023-04-24T16:44:43.655+08:00  INFO 25708 --- [main] w.s.c.ServletWebServerApplicationContext : Root WebApplicationContext: initialization completed in 740 ms
2023-04-24T16:44:44.361+08:00  INFO 25708 --- [main] o.s.b.w.embedded.tomcat.TomcatWebServer  : Tomcat started on port(s): 82 (http) with context path ''
2023-04-24T16:44:44.366+08:00  INFO 25708 --- [main] c.m.thoseyears0_1.ThoseYearsApplication  : Started ThoseYearsApplication in 1.752 seconds (process running for 2.158)
2023-04-24T16:44:48.088+08:00  INFO 25708 --- [http-nio-82-exec-1] o.a.c.c.C.[Tomcat].[localhost].[/]       : Initializing Spring DispatcherServlet 'dispatcherServlet'
2023-04-24T16:44:48.088+08:00  INFO 25708 --- [http-nio-82-exec-1] o.s.web.servlet.DispatcherServlet        : Initializing Servlet 'dispatcherServlet'
2023-04-24T16:44:48.089+08:00  INFO 25708 --- [http-nio-82-exec-1] o.s.web.servlet.DispatcherServlet        : Completed initialization in 1 ms
2023-04-24T16:44:48.137+08:00  INFO 25708 --- [http-nio-82-exec-1] com.alibaba.druid.pool.DruidDataSource   : {dataSource-1} inited
2023-04-24T22:09:15.103+08:00  INFO 25708 --- [SpringApplicationShutdownHook] com.alibaba.druid.pool.DruidDataSource   : {dataSource-1} closing ...
2023-04-24T22:09:15.103+08:00  INFO 25708 --- [SpringApplicationShutdownHook] com.alibaba.druid.pool.DruidDataSource   : {dataSource-1} closed
